/home/anup_ahlawat/ros2_ws/install/differential_drive/lib/python3.10/site-packages/differential_drive/diff_tf.py
/home/anup_ahlawat/ros2_ws/install/differential_drive/lib/python3.10/site-packages/differential_drive/virtual_joystick.py
/home/anup_ahlawat/ros2_ws/install/differential_drive/lib/python3.10/site-packages/differential_drive/pid_velocity.py
/home/anup_ahlawat/ros2_ws/install/differential_drive/lib/python3.10/site-packages/differential_drive/twist_to_motors.py
/home/anup_ahlawat/ros2_ws/install/differential_drive/lib/python3.10/site-packages/differential_drive/__init__.py
/home/anup_ahlawat/ros2_ws/install/differential_drive/lib/python3.10/site-packages/differential_drive/wheel_loopback.py
/home/anup_ahlawat/ros2_ws/install/differential_drive/lib/python3.10/site-packages/differential_drive/wheel_scaler.py
/home/anup_ahlawat/ros2_ws/install/differential_drive/lib/python3.10/site-packages/differential_drive/__pycache__/diff_tf.cpython-310.pyc
/home/anup_ahlawat/ros2_ws/install/differential_drive/lib/python3.10/site-packages/differential_drive/__pycache__/virtual_joystick.cpython-310.pyc
/home/anup_ahlawat/ros2_ws/install/differential_drive/lib/python3.10/site-packages/differential_drive/__pycache__/pid_velocity.cpython-310.pyc
/home/anup_ahlawat/ros2_ws/install/differential_drive/lib/python3.10/site-packages/differential_drive/__pycache__/twist_to_motors.cpython-310.pyc
/home/anup_ahlawat/ros2_ws/install/differential_drive/lib/python3.10/site-packages/differential_drive/__pycache__/__init__.cpython-310.pyc
/home/anup_ahlawat/ros2_ws/install/differential_drive/lib/python3.10/site-packages/differential_drive/__pycache__/wheel_loopback.cpython-310.pyc
/home/anup_ahlawat/ros2_ws/install/differential_drive/lib/python3.10/site-packages/differential_drive/__pycache__/wheel_scaler.cpython-310.pyc
/home/anup_ahlawat/ros2_ws/install/differential_drive/share/differential_drive/launch
/home/anup_ahlawat/ros2_ws/install/differential_drive/share/differential_drive/config
/home/anup_ahlawat/ros2_ws/install/differential_drive/lib/python3.10/site-packages/differential_drive-0.1.0-py3.10.egg-info/top_level.txt
/home/anup_ahlawat/ros2_ws/install/differential_drive/lib/python3.10/site-packages/differential_drive-0.1.0-py3.10.egg-info/PKG-INFO
/home/anup_ahlawat/ros2_ws/install/differential_drive/lib/python3.10/site-packages/differential_drive-0.1.0-py3.10.egg-info/requires.txt
/home/anup_ahlawat/ros2_ws/install/differential_drive/lib/python3.10/site-packages/differential_drive-0.1.0-py3.10.egg-info/dependency_links.txt
/home/anup_ahlawat/ros2_ws/install/differential_drive/lib/python3.10/site-packages/differential_drive-0.1.0-py3.10.egg-info/SOURCES.txt
/home/anup_ahlawat/ros2_ws/install/differential_drive/lib/python3.10/site-packages/differential_drive-0.1.0-py3.10.egg-info/zip-safe
/home/anup_ahlawat/ros2_ws/install/differential_drive/lib/python3.10/site-packages/differential_drive-0.1.0-py3.10.egg-info/entry_points.txt
/home/anup_ahlawat/ros2_ws/install/differential_drive/lib/differential_drive/diff_tf
/home/anup_ahlawat/ros2_ws/install/differential_drive/lib/differential_drive/pid_velocity
/home/anup_ahlawat/ros2_ws/install/differential_drive/lib/differential_drive/twist_to_motors
/home/anup_ahlawat/ros2_ws/install/differential_drive/lib/differential_drive/virtual_joystick
/home/anup_ahlawat/ros2_ws/install/differential_drive/lib/differential_drive/wheel_loopback
/home/anup_ahlawat/ros2_ws/install/differential_drive/lib/differential_drive/wheel_scaler
