[0.136s] DEBUG:colcon:Command line arguments: ['/usr/bin/colcon', 'build']
[0.136s] DEBUG:colcon:Parsed command line arguments: Namespace(log_base=None, log_level=None, verb_name='build', build_base='build', install_base='install', merge_install=False, symlink_install=False, test_result_base=None, continue_on_error=False, executor='parallel', parallel_workers=8, event_handlers=None, ignore_user_meta=False, metas=['./colcon.meta'], base_paths=['.'], packages_ignore=None, packages_ignore_regex=None, paths=None, packages_up_to=None, packages_up_to_regex=None, packages_above=None, packages_above_and_dependencies=None, packages_above_depth=None, packages_select_by_dep=None, packages_skip_by_dep=None, packages_skip_up_to=None, packages_select_build_failed=False, packages_skip_build_finished=False, packages_select_test_failures=False, packages_skip_test_passed=False, packages_select=None, packages_skip=None, packages_select_regex=None, packages_skip_regex=None, packages_start=None, packages_end=None, allow_overriding=[], cmake_args=None, cmake_target=None, cmake_target_skip_unavailable=False, cmake_clean_cache=False, cmake_clean_first=False, cmake_force_configure=False, ament_cmake_args=None, catkin_cmake_args=None, catkin_skip_building_tests=False, verb_parser=<colcon_defaults.argument_parser.defaults.DefaultArgumentsDecorator object at 0x7f0c419ae0b0>, verb_extension=<colcon_core.verb.build.BuildVerb object at 0x7f0c419adb40>, main=<bound method BuildVerb.main of <colcon_core.verb.build.BuildVerb object at 0x7f0c419adb40>>)
[0.162s] Level 1:colcon.colcon_core.package_discovery:discover_packages(colcon_meta) check parameters
[0.162s] Level 1:colcon.colcon_core.package_discovery:discover_packages(recursive) check parameters
[0.162s] Level 1:colcon.colcon_core.package_discovery:discover_packages(ignore) check parameters
[0.162s] Level 1:colcon.colcon_core.package_discovery:discover_packages(path) check parameters
[0.162s] Level 1:colcon.colcon_core.package_discovery:discover_packages(colcon_meta) discover
[0.162s] Level 1:colcon.colcon_core.package_discovery:discover_packages(recursive) discover
[0.162s] INFO:colcon.colcon_core.package_discovery:Crawling recursively for packages in '/home/anup_ahlawat/ros2_ws'
[0.162s] Level 1:colcon.colcon_core.package_identification:_identify(.) by extensions ['ignore', 'ignore_ament_install']
[0.162s] Level 1:colcon.colcon_core.package_identification:_identify(.) by extension 'ignore'
[0.162s] Level 1:colcon.colcon_core.package_identification:_identify(.) by extension 'ignore_ament_install'
[0.162s] Level 1:colcon.colcon_core.package_identification:_identify(.) by extensions ['colcon_pkg']
[0.162s] Level 1:colcon.colcon_core.package_identification:_identify(.) by extension 'colcon_pkg'
[0.162s] Level 1:colcon.colcon_core.package_identification:_identify(.) by extensions ['colcon_meta']
[0.162s] Level 1:colcon.colcon_core.package_identification:_identify(.) by extension 'colcon_meta'
[0.162s] Level 1:colcon.colcon_core.package_identification:_identify(.) by extensions ['ros']
[0.162s] Level 1:colcon.colcon_core.package_identification:_identify(.) by extension 'ros'
[0.172s] Level 1:colcon.colcon_core.package_identification:_identify(.) by extensions ['cmake', 'python']
[0.173s] Level 1:colcon.colcon_core.package_identification:_identify(.) by extension 'cmake'
[0.173s] Level 1:colcon.colcon_core.package_identification:_identify(.) by extension 'python'
[0.173s] Level 1:colcon.colcon_core.package_identification:_identify(.) by extensions ['python_setup_py']
[0.173s] Level 1:colcon.colcon_core.package_identification:_identify(.) by extension 'python_setup_py'
[0.173s] Level 1:colcon.colcon_core.package_identification:_identify(build) by extensions ['ignore', 'ignore_ament_install']
[0.173s] Level 1:colcon.colcon_core.package_identification:_identify(build) by extension 'ignore'
[0.173s] Level 1:colcon.colcon_core.package_identification:_identify(build) ignored
[0.173s] Level 1:colcon.colcon_core.package_identification:_identify(install) by extensions ['ignore', 'ignore_ament_install']
[0.173s] Level 1:colcon.colcon_core.package_identification:_identify(install) by extension 'ignore'
[0.173s] Level 1:colcon.colcon_core.package_identification:_identify(install) ignored
[0.173s] Level 1:colcon.colcon_core.package_identification:_identify(log) by extensions ['ignore', 'ignore_ament_install']
[0.173s] Level 1:colcon.colcon_core.package_identification:_identify(log) by extension 'ignore'
[0.173s] Level 1:colcon.colcon_core.package_identification:_identify(log) ignored
[0.173s] Level 1:colcon.colcon_core.package_identification:_identify(src) by extensions ['ignore', 'ignore_ament_install']
[0.174s] Level 1:colcon.colcon_core.package_identification:_identify(src) by extension 'ignore'
[0.174s] Level 1:colcon.colcon_core.package_identification:_identify(src) by extension 'ignore_ament_install'
[0.174s] Level 1:colcon.colcon_core.package_identification:_identify(src) by extensions ['colcon_pkg']
[0.174s] Level 1:colcon.colcon_core.package_identification:_identify(src) by extension 'colcon_pkg'
[0.174s] Level 1:colcon.colcon_core.package_identification:_identify(src) by extensions ['colcon_meta']
[0.174s] Level 1:colcon.colcon_core.package_identification:_identify(src) by extension 'colcon_meta'
[0.174s] Level 1:colcon.colcon_core.package_identification:_identify(src) by extensions ['ros']
[0.174s] Level 1:colcon.colcon_core.package_identification:_identify(src) by extension 'ros'
[0.174s] Level 1:colcon.colcon_core.package_identification:_identify(src) by extensions ['cmake', 'python']
[0.174s] Level 1:colcon.colcon_core.package_identification:_identify(src) by extension 'cmake'
[0.174s] Level 1:colcon.colcon_core.package_identification:_identify(src) by extension 'python'
[0.174s] Level 1:colcon.colcon_core.package_identification:_identify(src) by extensions ['python_setup_py']
[0.174s] Level 1:colcon.colcon_core.package_identification:_identify(src) by extension 'python_setup_py'
[0.174s] Level 1:colcon.colcon_core.package_identification:_identify(src/joystic_test_pkg) by extensions ['ignore', 'ignore_ament_install']
[0.174s] Level 1:colcon.colcon_core.package_identification:_identify(src/joystic_test_pkg) by extension 'ignore'
[0.174s] Level 1:colcon.colcon_core.package_identification:_identify(src/joystic_test_pkg) by extension 'ignore_ament_install'
[0.174s] Level 1:colcon.colcon_core.package_identification:_identify(src/joystic_test_pkg) by extensions ['colcon_pkg']
[0.174s] Level 1:colcon.colcon_core.package_identification:_identify(src/joystic_test_pkg) by extension 'colcon_pkg'
[0.174s] Level 1:colcon.colcon_core.package_identification:_identify(src/joystic_test_pkg) by extensions ['colcon_meta']
[0.174s] Level 1:colcon.colcon_core.package_identification:_identify(src/joystic_test_pkg) by extension 'colcon_meta'
[0.174s] Level 1:colcon.colcon_core.package_identification:_identify(src/joystic_test_pkg) by extensions ['ros']
[0.174s] Level 1:colcon.colcon_core.package_identification:_identify(src/joystic_test_pkg) by extension 'ros'
[0.176s] DEBUG:colcon.colcon_core.package_identification:Package 'src/joystic_test_pkg' with type 'ros.ament_python' and name 'joystic_test_pkg'
[0.177s] Level 1:colcon.colcon_core.package_identification:_identify(src/ros2_differential_drive) by extensions ['ignore', 'ignore_ament_install']
[0.177s] Level 1:colcon.colcon_core.package_identification:_identify(src/ros2_differential_drive) by extension 'ignore'
[0.177s] Level 1:colcon.colcon_core.package_identification:_identify(src/ros2_differential_drive) by extension 'ignore_ament_install'
[0.177s] Level 1:colcon.colcon_core.package_identification:_identify(src/ros2_differential_drive) by extensions ['colcon_pkg']
[0.177s] Level 1:colcon.colcon_core.package_identification:_identify(src/ros2_differential_drive) by extension 'colcon_pkg'
[0.177s] Level 1:colcon.colcon_core.package_identification:_identify(src/ros2_differential_drive) by extensions ['colcon_meta']
[0.177s] Level 1:colcon.colcon_core.package_identification:_identify(src/ros2_differential_drive) by extension 'colcon_meta'
[0.177s] Level 1:colcon.colcon_core.package_identification:_identify(src/ros2_differential_drive) by extensions ['ros']
[0.177s] Level 1:colcon.colcon_core.package_identification:_identify(src/ros2_differential_drive) by extension 'ros'
[0.178s] DEBUG:colcon.colcon_core.package_identification:Package 'src/ros2_differential_drive' with type 'ros.ament_python' and name 'differential_drive'
[0.178s] Level 1:colcon.colcon_core.package_discovery:discover_packages(recursive) using defaults
[0.178s] Level 1:colcon.colcon_core.package_discovery:discover_packages(ignore) discover
[0.178s] Level 1:colcon.colcon_core.package_discovery:discover_packages(ignore) using defaults
[0.178s] Level 1:colcon.colcon_core.package_discovery:discover_packages(path) discover
[0.178s] Level 1:colcon.colcon_core.package_discovery:discover_packages(path) using defaults
[0.199s] Level 1:colcon.colcon_core.package_discovery:discover_packages(prefix_path) check parameters
[0.199s] Level 1:colcon.colcon_core.package_discovery:discover_packages(prefix_path) discover
[0.201s] DEBUG:colcon.colcon_installed_package_information.package_discovery:Found 2 installed packages in /home/anup_ahlawat/ros2_ws/install
[0.202s] DEBUG:colcon.colcon_installed_package_information.package_discovery:Found 338 installed packages in /opt/ros/humble
[0.204s] Level 1:colcon.colcon_core.package_discovery:discover_packages(prefix_path) using defaults
[0.264s] Level 5:colcon.colcon_core.verb:set package 'differential_drive' build argument 'cmake_args' from command line to 'None'
[0.264s] Level 5:colcon.colcon_core.verb:set package 'differential_drive' build argument 'cmake_target' from command line to 'None'
[0.264s] Level 5:colcon.colcon_core.verb:set package 'differential_drive' build argument 'cmake_target_skip_unavailable' from command line to 'False'
[0.264s] Level 5:colcon.colcon_core.verb:set package 'differential_drive' build argument 'cmake_clean_cache' from command line to 'False'
[0.264s] Level 5:colcon.colcon_core.verb:set package 'differential_drive' build argument 'cmake_clean_first' from command line to 'False'
[0.264s] Level 5:colcon.colcon_core.verb:set package 'differential_drive' build argument 'cmake_force_configure' from command line to 'False'
[0.264s] Level 5:colcon.colcon_core.verb:set package 'differential_drive' build argument 'ament_cmake_args' from command line to 'None'
[0.264s] Level 5:colcon.colcon_core.verb:set package 'differential_drive' build argument 'catkin_cmake_args' from command line to 'None'
[0.264s] Level 5:colcon.colcon_core.verb:set package 'differential_drive' build argument 'catkin_skip_building_tests' from command line to 'False'
[0.264s] DEBUG:colcon.colcon_core.verb:Building package 'differential_drive' with the following arguments: {'ament_cmake_args': None, 'build_base': '/home/anup_ahlawat/ros2_ws/build/differential_drive', 'catkin_cmake_args': None, 'catkin_skip_building_tests': False, 'cmake_args': None, 'cmake_clean_cache': False, 'cmake_clean_first': False, 'cmake_force_configure': False, 'cmake_target': None, 'cmake_target_skip_unavailable': False, 'install_base': '/home/anup_ahlawat/ros2_ws/install/differential_drive', 'merge_install': False, 'path': '/home/anup_ahlawat/ros2_ws/src/ros2_differential_drive', 'symlink_install': False, 'test_result_base': None}
[0.265s] Level 5:colcon.colcon_core.verb:set package 'joystic_test_pkg' build argument 'cmake_args' from command line to 'None'
[0.266s] Level 5:colcon.colcon_core.verb:set package 'joystic_test_pkg' build argument 'cmake_target' from command line to 'None'
[0.266s] Level 5:colcon.colcon_core.verb:set package 'joystic_test_pkg' build argument 'cmake_target_skip_unavailable' from command line to 'False'
[0.266s] Level 5:colcon.colcon_core.verb:set package 'joystic_test_pkg' build argument 'cmake_clean_cache' from command line to 'False'
[0.266s] Level 5:colcon.colcon_core.verb:set package 'joystic_test_pkg' build argument 'cmake_clean_first' from command line to 'False'
[0.266s] Level 5:colcon.colcon_core.verb:set package 'joystic_test_pkg' build argument 'cmake_force_configure' from command line to 'False'
[0.266s] Level 5:colcon.colcon_core.verb:set package 'joystic_test_pkg' build argument 'ament_cmake_args' from command line to 'None'
[0.266s] Level 5:colcon.colcon_core.verb:set package 'joystic_test_pkg' build argument 'catkin_cmake_args' from command line to 'None'
[0.266s] Level 5:colcon.colcon_core.verb:set package 'joystic_test_pkg' build argument 'catkin_skip_building_tests' from command line to 'False'
[0.266s] DEBUG:colcon.colcon_core.verb:Building package 'joystic_test_pkg' with the following arguments: {'ament_cmake_args': None, 'build_base': '/home/anup_ahlawat/ros2_ws/build/joystic_test_pkg', 'catkin_cmake_args': None, 'catkin_skip_building_tests': False, 'cmake_args': None, 'cmake_clean_cache': False, 'cmake_clean_first': False, 'cmake_force_configure': False, 'cmake_target': None, 'cmake_target_skip_unavailable': False, 'install_base': '/home/anup_ahlawat/ros2_ws/install/joystic_test_pkg', 'merge_install': False, 'path': '/home/anup_ahlawat/ros2_ws/src/joystic_test_pkg', 'symlink_install': False, 'test_result_base': None}
[0.266s] INFO:colcon.colcon_core.executor:Executing jobs using 'parallel' executor
[0.270s] DEBUG:colcon.colcon_parallel_executor.executor.parallel:run_until_complete
[0.270s] INFO:colcon.colcon_ros.task.ament_python.build:Building ROS package in '/home/anup_ahlawat/ros2_ws/src/ros2_differential_drive' with build type 'ament_python'
[0.270s] Level 1:colcon.colcon_core.shell:create_environment_hook('differential_drive', 'ament_prefix_path')
[0.274s] INFO:colcon.colcon_core.plugin_system:Skipping extension 'colcon_core.shell.bat': Not used on non-Windows systems
[0.274s] INFO:colcon.colcon_core.shell:Creating environment hook '/home/anup_ahlawat/ros2_ws/install/differential_drive/share/differential_drive/hook/ament_prefix_path.ps1'
[0.275s] INFO:colcon.colcon_core.shell:Creating environment descriptor '/home/anup_ahlawat/ros2_ws/install/differential_drive/share/differential_drive/hook/ament_prefix_path.dsv'
[0.275s] INFO:colcon.colcon_core.shell:Creating environment hook '/home/anup_ahlawat/ros2_ws/install/differential_drive/share/differential_drive/hook/ament_prefix_path.sh'
[0.277s] INFO:colcon.colcon_core.shell:Skip shell extension 'powershell' for command environment: Not usable outside of PowerShell
[0.277s] DEBUG:colcon.colcon_core.shell:Skip shell extension 'dsv' for command environment
[0.281s] INFO:colcon.colcon_ros.task.ament_python.build:Building ROS package in '/home/anup_ahlawat/ros2_ws/src/joystic_test_pkg' with build type 'ament_python'
[0.281s] Level 1:colcon.colcon_core.shell:create_environment_hook('joystic_test_pkg', 'ament_prefix_path')
[0.282s] INFO:colcon.colcon_core.shell:Creating environment hook '/home/anup_ahlawat/ros2_ws/install/joystic_test_pkg/share/joystic_test_pkg/hook/ament_prefix_path.ps1'
[0.283s] INFO:colcon.colcon_core.shell:Creating environment descriptor '/home/anup_ahlawat/ros2_ws/install/joystic_test_pkg/share/joystic_test_pkg/hook/ament_prefix_path.dsv'
[0.283s] INFO:colcon.colcon_core.shell:Creating environment hook '/home/anup_ahlawat/ros2_ws/install/joystic_test_pkg/share/joystic_test_pkg/hook/ament_prefix_path.sh'
[0.284s] INFO:colcon.colcon_core.shell:Skip shell extension 'powershell' for command environment: Not usable outside of PowerShell
[0.284s] DEBUG:colcon.colcon_core.shell:Skip shell extension 'dsv' for command environment
[0.538s] WARNING:colcon.colcon_ros.task.ament_python.build:Package 'differential_drive' doesn't explicitly install a marker in the package index (colcon-ros currently does it implicitly but that fallback will be removed in the future)
[0.538s] WARNING:colcon.colcon_ros.task.ament_python.build:Package 'differential_drive' doesn't explicitly install the 'package.xml' file (colcon-ros currently does it implicitly but that fallback will be removed in the future)
[0.538s] INFO:colcon.colcon_core.task.python.build:Building Python package in '/home/anup_ahlawat/ros2_ws/src/ros2_differential_drive'
[0.539s] INFO:colcon.colcon_core.shell:Skip shell extension 'powershell' for command environment: Not usable outside of PowerShell
[0.539s] DEBUG:colcon.colcon_core.shell:Skip shell extension 'dsv' for command environment
[0.805s] INFO:colcon.colcon_core.task.python.build:Building Python package in '/home/anup_ahlawat/ros2_ws/src/joystic_test_pkg'
[0.807s] INFO:colcon.colcon_core.shell:Skip shell extension 'powershell' for command environment: Not usable outside of PowerShell
[0.807s] DEBUG:colcon.colcon_core.shell:Skip shell extension 'dsv' for command environment
[1.183s] DEBUG:colcon.colcon_core.event_handler.log_command:Invoking command in '/home/anup_ahlawat/ros2_ws/src/joystic_test_pkg': PYTHONPATH=/home/anup_ahlawat/ros2_ws/install/joystic_test_pkg/lib/python3.10/site-packages:${PYTHONPATH} /usr/bin/python3 setup.py egg_info --egg-base ../../build/joystic_test_pkg build --build-base /home/anup_ahlawat/ros2_ws/build/joystic_test_pkg/build install --prefix /home/anup_ahlawat/ros2_ws/install/joystic_test_pkg --record /home/anup_ahlawat/ros2_ws/build/joystic_test_pkg/install.log --single-version-externally-managed
[1.187s] DEBUG:colcon.colcon_core.event_handler.log_command:Invoking command in '/home/anup_ahlawat/ros2_ws/src/ros2_differential_drive': PYTHONPATH=/home/anup_ahlawat/ros2_ws/install/differential_drive/lib/python3.10/site-packages:${PYTHONPATH} /usr/bin/python3 setup.py egg_info --egg-base ../../build/differential_drive build --build-base /home/anup_ahlawat/ros2_ws/build/differential_drive/build install --prefix /home/anup_ahlawat/ros2_ws/install/differential_drive --record /home/anup_ahlawat/ros2_ws/build/differential_drive/install.log --single-version-externally-managed
[1.522s] DEBUG:colcon.colcon_core.event_handler.log_command:Invoked command in '/home/anup_ahlawat/ros2_ws/src/ros2_differential_drive' returned '0': PYTHONPATH=/home/anup_ahlawat/ros2_ws/install/differential_drive/lib/python3.10/site-packages:${PYTHONPATH} /usr/bin/python3 setup.py egg_info --egg-base ../../build/differential_drive build --build-base /home/anup_ahlawat/ros2_ws/build/differential_drive/build install --prefix /home/anup_ahlawat/ros2_ws/install/differential_drive --record /home/anup_ahlawat/ros2_ws/build/differential_drive/install.log --single-version-externally-managed
[1.525s] Level 1:colcon.colcon_core.environment:checking '/home/anup_ahlawat/ros2_ws/install/differential_drive' for CMake module files
[1.525s] Level 1:colcon.colcon_core.environment:checking '/home/anup_ahlawat/ros2_ws/install/differential_drive' for CMake config files
[1.526s] Level 1:colcon.colcon_core.environment:checking '/home/anup_ahlawat/ros2_ws/install/differential_drive/lib'
[1.526s] Level 1:colcon.colcon_core.environment:checking '/home/anup_ahlawat/ros2_ws/install/differential_drive/bin'
[1.526s] Level 1:colcon.colcon_core.environment:checking '/home/anup_ahlawat/ros2_ws/install/differential_drive/lib/pkgconfig/differential_drive.pc'
[1.526s] Level 1:colcon.colcon_core.environment:checking '/home/anup_ahlawat/ros2_ws/install/differential_drive/lib/python3.10/site-packages'
[1.526s] Level 1:colcon.colcon_core.shell:create_environment_hook('differential_drive', 'pythonpath')
[1.527s] INFO:colcon.colcon_core.shell:Creating environment hook '/home/anup_ahlawat/ros2_ws/install/differential_drive/share/differential_drive/hook/pythonpath.ps1'
[1.528s] INFO:colcon.colcon_core.shell:Creating environment descriptor '/home/anup_ahlawat/ros2_ws/install/differential_drive/share/differential_drive/hook/pythonpath.dsv'
[1.529s] INFO:colcon.colcon_core.shell:Creating environment hook '/home/anup_ahlawat/ros2_ws/install/differential_drive/share/differential_drive/hook/pythonpath.sh'
[1.529s] Level 1:colcon.colcon_core.environment:checking '/home/anup_ahlawat/ros2_ws/install/differential_drive/bin'
[1.529s] Level 1:colcon.colcon_core.environment:create_environment_scripts_only(differential_drive)
[1.531s] INFO:colcon.colcon_core.shell:Creating package script '/home/anup_ahlawat/ros2_ws/install/differential_drive/share/differential_drive/package.ps1'
[1.532s] INFO:colcon.colcon_core.shell:Creating package descriptor '/home/anup_ahlawat/ros2_ws/install/differential_drive/share/differential_drive/package.dsv'
[1.533s] INFO:colcon.colcon_core.shell:Creating package script '/home/anup_ahlawat/ros2_ws/install/differential_drive/share/differential_drive/package.sh'
[1.533s] INFO:colcon.colcon_core.shell:Creating package script '/home/anup_ahlawat/ros2_ws/install/differential_drive/share/differential_drive/package.bash'
[1.534s] INFO:colcon.colcon_core.shell:Creating package script '/home/anup_ahlawat/ros2_ws/install/differential_drive/share/differential_drive/package.zsh'
[1.534s] Level 1:colcon.colcon_core.environment:create_file_with_runtime_dependencies(/home/anup_ahlawat/ros2_ws/install/differential_drive/share/colcon-core/packages/differential_drive)
[1.537s] Level 1:colcon.colcon_core.environment:checking '/home/anup_ahlawat/ros2_ws/install/joystic_test_pkg' for CMake module files
[1.538s] Level 1:colcon.colcon_core.environment:checking '/home/anup_ahlawat/ros2_ws/install/joystic_test_pkg' for CMake config files
[1.538s] DEBUG:colcon.colcon_core.event_handler.log_command:Invoked command in '/home/anup_ahlawat/ros2_ws/src/joystic_test_pkg' returned '0': PYTHONPATH=/home/anup_ahlawat/ros2_ws/install/joystic_test_pkg/lib/python3.10/site-packages:${PYTHONPATH} /usr/bin/python3 setup.py egg_info --egg-base ../../build/joystic_test_pkg build --build-base /home/anup_ahlawat/ros2_ws/build/joystic_test_pkg/build install --prefix /home/anup_ahlawat/ros2_ws/install/joystic_test_pkg --record /home/anup_ahlawat/ros2_ws/build/joystic_test_pkg/install.log --single-version-externally-managed
[1.538s] Level 1:colcon.colcon_core.environment:checking '/home/anup_ahlawat/ros2_ws/install/joystic_test_pkg/lib'
[1.538s] Level 1:colcon.colcon_core.environment:checking '/home/anup_ahlawat/ros2_ws/install/joystic_test_pkg/bin'
[1.538s] Level 1:colcon.colcon_core.environment:checking '/home/anup_ahlawat/ros2_ws/install/joystic_test_pkg/lib/pkgconfig/joystic_test_pkg.pc'
[1.539s] Level 1:colcon.colcon_core.environment:checking '/home/anup_ahlawat/ros2_ws/install/joystic_test_pkg/lib/python3.10/site-packages'
[1.539s] Level 1:colcon.colcon_core.shell:create_environment_hook('joystic_test_pkg', 'pythonpath')
[1.540s] INFO:colcon.colcon_core.shell:Creating environment hook '/home/anup_ahlawat/ros2_ws/install/joystic_test_pkg/share/joystic_test_pkg/hook/pythonpath.ps1'
[1.540s] INFO:colcon.colcon_core.shell:Creating environment descriptor '/home/anup_ahlawat/ros2_ws/install/joystic_test_pkg/share/joystic_test_pkg/hook/pythonpath.dsv'
[1.540s] INFO:colcon.colcon_core.shell:Creating environment hook '/home/anup_ahlawat/ros2_ws/install/joystic_test_pkg/share/joystic_test_pkg/hook/pythonpath.sh'
[1.541s] Level 1:colcon.colcon_core.environment:checking '/home/anup_ahlawat/ros2_ws/install/joystic_test_pkg/bin'
[1.541s] Level 1:colcon.colcon_core.environment:create_environment_scripts_only(joystic_test_pkg)
[1.542s] INFO:colcon.colcon_core.shell:Creating package script '/home/anup_ahlawat/ros2_ws/install/joystic_test_pkg/share/joystic_test_pkg/package.ps1'
[1.542s] INFO:colcon.colcon_core.shell:Creating package descriptor '/home/anup_ahlawat/ros2_ws/install/joystic_test_pkg/share/joystic_test_pkg/package.dsv'
[1.542s] INFO:colcon.colcon_core.shell:Creating package script '/home/anup_ahlawat/ros2_ws/install/joystic_test_pkg/share/joystic_test_pkg/package.sh'
[1.543s] INFO:colcon.colcon_core.shell:Creating package script '/home/anup_ahlawat/ros2_ws/install/joystic_test_pkg/share/joystic_test_pkg/package.bash'
[1.543s] INFO:colcon.colcon_core.shell:Creating package script '/home/anup_ahlawat/ros2_ws/install/joystic_test_pkg/share/joystic_test_pkg/package.zsh'
[1.543s] Level 1:colcon.colcon_core.environment:create_file_with_runtime_dependencies(/home/anup_ahlawat/ros2_ws/install/joystic_test_pkg/share/colcon-core/packages/joystic_test_pkg)
[1.543s] DEBUG:colcon.colcon_parallel_executor.executor.parallel:closing loop
[1.544s] DEBUG:colcon.colcon_parallel_executor.executor.parallel:loop closed
[1.544s] DEBUG:colcon.colcon_parallel_executor.executor.parallel:run_until_complete finished with '0'
[1.544s] DEBUG:colcon.colcon_core.event_reactor:joining thread
[1.550s] INFO:colcon.colcon_core.plugin_system:Skipping extension 'colcon_notification.desktop_notification.terminal_notifier': Not used on non-Darwin systems
[1.550s] INFO:colcon.colcon_core.plugin_system:Skipping extension 'colcon_notification.desktop_notification.win32': Not used on non-Windows systems
[1.550s] INFO:colcon.colcon_notification.desktop_notification:Sending desktop notification using 'notify2'
[1.559s] DEBUG:colcon.colcon_core.event_reactor:joined thread
[1.560s] INFO:colcon.colcon_core.shell:Creating prefix script '/home/anup_ahlawat/ros2_ws/install/local_setup.ps1'
[1.561s] INFO:colcon.colcon_core.shell:Creating prefix util module '/home/anup_ahlawat/ros2_ws/install/_local_setup_util_ps1.py'
[1.562s] INFO:colcon.colcon_core.shell:Creating prefix chain script '/home/anup_ahlawat/ros2_ws/install/setup.ps1'
[1.563s] INFO:colcon.colcon_core.shell:Creating prefix script '/home/anup_ahlawat/ros2_ws/install/local_setup.sh'
[1.564s] INFO:colcon.colcon_core.shell:Creating prefix util module '/home/anup_ahlawat/ros2_ws/install/_local_setup_util_sh.py'
[1.564s] INFO:colcon.colcon_core.shell:Creating prefix chain script '/home/anup_ahlawat/ros2_ws/install/setup.sh'
[1.565s] INFO:colcon.colcon_core.shell:Creating prefix script '/home/anup_ahlawat/ros2_ws/install/local_setup.bash'
[1.567s] INFO:colcon.colcon_core.shell:Creating prefix chain script '/home/anup_ahlawat/ros2_ws/install/setup.bash'
[1.568s] INFO:colcon.colcon_core.shell:Creating prefix script '/home/anup_ahlawat/ros2_ws/install/local_setup.zsh'
[1.569s] INFO:colcon.colcon_core.shell:Creating prefix chain script '/home/anup_ahlawat/ros2_ws/install/setup.zsh'
