[0.008s] Invoking command in '/home/anup_ahlawat/slam_toolbox_ws/build/slam_toolbox': CMAKE_PREFIX_PATH=/opt/ros/humble /usr/bin/cmake /home/anup_ahlawat/slam_toolbox_ws/src/slam_toolbox -DCMAKE_INSTALL_PREFIX=/home/anup_ahlawat/slam_toolbox_ws/install/slam_toolbox
[0.952s] -- The C compiler identification is GNU 9.5.0
[1.332s] -- The CXX compiler identification is GNU 9.5.0
[1.349s] -- Detecting C compiler ABI info
[1.528s] -- Detecting C compiler ABI info - done
[1.539s] -- Check for working C compiler: /usr/bin/cc - skipped
[1.540s] -- Detecting C compile features
[1.575s] -- Detecting C compile features - done
[1.588s] -- Detecting CXX compiler ABI info
[1.732s] -- Detecting CXX compiler ABI info - done
[1.739s] -- Check for working CXX compiler: /usr/bin/c++ - skipped
[1.740s] -- Detecting CXX compile features
[1.740s] -- Detecting CXX compile features - done
[1.852s] -- Found ament_cmake: 1.3.2 (/opt/ros/humble/share/ament_cmake/cmake)
[2.153s] -- Found Python3: /usr/bin/python3.10 (found version "3.10.6") found components: Interpreter 
[2.423s] -- Found message_filters: 4.3.2 (/opt/ros/humble/share/message_filters/cmake)
[2.843s] -- Found rosidl_generator_c: 3.1.3 (/opt/ros/humble/share/rosidl_generator_c/cmake)
[2.861s] -- Found rosidl_adapter: 3.1.3 (/opt/ros/humble/share/rosidl_adapter/cmake)
[2.896s] -- Found rosidl_generator_cpp: 3.1.3 (/opt/ros/humble/share/rosidl_generator_cpp/cmake)
[2.939s] -- Using all available rosidl_typesupport_c: rosidl_typesupport_fastrtps_c;rosidl_typesupport_introspection_c
[3.053s] -- Using all available rosidl_typesupport_cpp: rosidl_typesupport_fastrtps_cpp;rosidl_typesupport_introspection_cpp
[3.303s] -- Found rmw_implementation_cmake: 6.1.0 (/opt/ros/humble/share/rmw_implementation_cmake/cmake)
[3.319s] -- Found rmw_fastrtps_cpp: 6.2.1 (/opt/ros/humble/share/rmw_fastrtps_cpp/cmake)
[3.673s] -- Found OpenSSL: /usr/lib/x86_64-linux-gnu/libcrypto.so (found version "3.0.2")  
[3.720s] -- Found FastRTPS: /opt/ros/humble/include  
[3.763s] -- Using RMW implementation 'rmw_fastrtps_cpp' as default
[4.032s] -- Found nav_msgs: 4.2.2 (/opt/ros/humble/share/nav_msgs/cmake)
[4.203s] -- Found sensor_msgs: 4.2.2 (/opt/ros/humble/share/sensor_msgs/cmake)
[4.340s] -- Found tf2: 0.25.1 (/opt/ros/humble/share/tf2/cmake)
[4.394s] -- Found tf2_ros: 0.25.1 (/opt/ros/humble/share/tf2_ros/cmake)
[4.962s] -- Found visualization_msgs: 4.2.2 (/opt/ros/humble/share/visualization_msgs/cmake)
[5.125s] -- Found pluginlib: 5.1.0 (/opt/ros/humble/share/pluginlib/cmake)
[5.216s] -- Found tf2_geometry_msgs: 0.25.1 (/opt/ros/humble/share/tf2_geometry_msgs/cmake)
[5.307s] -- Found eigen3_cmake_module: 0.1.1 (/opt/ros/humble/share/eigen3_cmake_module/cmake)
[5.326s] -- Found Eigen3: TRUE (found version "3.4.0") 
[5.327s] -- Ensuring Eigen3 include directory is part of orocos-kdl CMake target
[5.372s] -- Found tf2_sensor_msgs: 0.25.1 (/opt/ros/humble/share/tf2_sensor_msgs/cmake)
[5.417s] -- Found std_srvs: 4.2.2 (/opt/ros/humble/share/std_srvs/cmake)
[5.464s] -- Found rosidl_default_generators: 1.2.0 (/opt/ros/humble/share/rosidl_default_generators/cmake)
[5.540s] -- Found rviz_common: 11.2.3 (/opt/ros/humble/share/rviz_common/cmake)
[5.896s] -- Setting OGRE_DIR to: '/opt/ros/humble/share/rviz_ogre_vendor/cmake/../../../opt/rviz_ogre_vendor/lib/OGRE/cmake'
[5.920s] -- Found OGRE
[5.921s] --   static     : OFF
[5.922s] --   components : HLMS;MeshLodGenerator;Overlay;Paging;Property;RTShaderSystem;Terrain;Volume
[5.922s] --   plugins    : Plugin_BSPSceneManager;Plugin_OctreeSceneManager;Plugin_PCZSceneManager;Plugin_ParticleFX;RenderSystem_GL;RenderSystem_GL3Plus;Codec_STBI
[5.923s] --   media      : /opt/ros/humble/opt/rviz_ogre_vendor/share/OGRE/Media
[5.923s] -- OGRE_LIBRARIES: OgreHLMS;OgreMeshLodGenerator;OgreOverlay;OgrePaging;OgreProperty;OgreRTShaderSystem;OgreTerrain;OgreVolume;OgreMain
[5.923s] -- OGRE_LIBRARY_DIRS: /opt/ros/humble/opt/rviz_ogre_vendor/lib
[5.924s] -- OGRE_PLUGINS: Plugin_BSPSceneManager;Plugin_OctreeSceneManager;Plugin_PCZSceneManager;Plugin_ParticleFX;RenderSystem_GL;RenderSystem_GL3Plus;Codec_STBI
[5.924s] -- OGRE_PLUGIN_DIR: /opt/ros/humble/opt/rviz_ogre_vendor/lib/OGRE
[5.925s] -- rviz_ogre_vendor::OgreOverlay for IMPORTED_LOCATION_RELEASE: /opt/ros/humble/opt/rviz_ogre_vendor/lib/libOgreOverlay.so
[5.925s] -- rviz_ogre_vendor::OgreOverlay for IMPORTED_LOCATION_DEBUG: /opt/ros/humble/opt/rviz_ogre_vendor/lib/libOgreOverlay.so
[5.926s] -- rviz_ogre_vendor::OgreMain for IMPORTED_LOCATION_RELEASE: /opt/ros/humble/opt/rviz_ogre_vendor/lib/libOgreMain.so
[5.926s] -- rviz_ogre_vendor::OgreMain for IMPORTED_LOCATION_DEBUG: /opt/ros/humble/opt/rviz_ogre_vendor/lib/libOgreMain.so
[6.012s] -- Found ZLIB: /usr/lib/x86_64-linux-gnu/libz.so (found version "1.2.11") 
[6.032s] -- Found OpenGL: /usr/lib/x86_64-linux-gnu/libOpenGL.so   
[6.231s] -- Found X11: /usr/include   
[6.232s] -- Looking for XOpenDisplay in /usr/lib/x86_64-linux-gnu/libX11.so;/usr/lib/x86_64-linux-gnu/libXext.so
[6.296s] -- Looking for XOpenDisplay in /usr/lib/x86_64-linux-gnu/libX11.so;/usr/lib/x86_64-linux-gnu/libXext.so - found
[6.296s] -- Looking for gethostbyname
[6.350s] -- Looking for gethostbyname - found
[6.350s] -- Looking for connect
[6.402s] -- Looking for connect - found
[6.402s] -- Looking for remove
[6.458s] -- Looking for remove - found
[6.458s] -- Looking for shmat
[6.532s] -- Looking for shmat - found
[6.532s] -- Looking for IceConnectionNumber in ICE
[6.617s] -- Looking for IceConnectionNumber in ICE - found
[6.620s] -- rviz_ogre_vendor::RenderSystem_GL for IMPORTED_LOCATION_RELEASE: _render_system_gl_static_library_abs-NOTFOUND
[6.620s] -- rviz_ogre_vendor::RenderSystem_GL for IMPORTED_LOCATION_DEBUG: _render_system_gl_static_library_abs-NOTFOUND
[6.895s] -- library: /usr/lib/x86_64-linux-gnu/libcurl.so
[7.127s] -- Found rviz_default_plugins: 11.2.3 (/opt/ros/humble/share/rviz_default_plugins/cmake)
[8.069s] -- Found Boost: /usr/lib/x86_64-linux-gnu/cmake/Boost-1.74.0/BoostConfig.cmake (found version "1.74.0") found components: system serialization filesystem thread 
[8.216s] -- Found PkgConfig: /usr/bin/pkg-config (found version "0.29.2") 
[8.224s] -- Found CHOLMOD: /usr/include/suitesparse  
[8.226s] -- Found CSparse: /usr/include/suitesparse  
[8.261s] -- Looking for sgemm_
[8.314s] -- Looking for sgemm_ - not found
[8.315s] -- Found Threads: TRUE  
[8.344s] -- Looking for sgemm_
[8.399s] -- Looking for sgemm_ - found
[8.399s] -- Found BLAS: /usr/lib/x86_64-linux-gnu/libblas.so  
[8.401s] -- Looking for cheev_
[8.508s] -- Looking for cheev_ - not found
[8.529s] -- Looking for cheev_
[8.591s] -- Looking for cheev_ - not found
[8.591s] -- Looking for cheev_
[8.678s] -- Looking for cheev_ - found
[8.678s] -- Found LAPACK: /usr/lib/x86_64-linux-gnu/liblapack.so;/usr/lib/x86_64-linux-gnu/libblas.so  
[8.716s] -- Found required Ceres dependency: Eigen version 3.4.0 in /usr/include/eigen3
[8.781s] -- Found required Ceres dependency: glog
[8.782s] -- Found required Ceres dependency: gflags
[8.783s] -- Found Ceres version: 2.0.0 installed in: /usr with components: [EigenSparse, SparseLinearAlgebraLibrary, LAPACK, SuiteSparse, CXSparse, SchurSpecializations, Multithreading]
[9.231s] -- Found ament_cmake_ros: 0.10.0 (/opt/ros/humble/share/ament_cmake_ros/cmake)
[9.858s] -- Using all available rosidl_typesupport_c: rosidl_typesupport_fastrtps_c;rosidl_typesupport_introspection_c
[10.038s] -- Using all available rosidl_typesupport_cpp: rosidl_typesupport_fastrtps_cpp;rosidl_typesupport_introspection_cpp
[10.066s] -- Found PythonInterp: /usr/bin/python3 (found suitable version "3.10.6", minimum required is "3.6") 
[10.092s] -- Found python_cmake_module: 0.10.0 (/opt/ros/humble/share/python_cmake_module/cmake)
[10.130s] -- Found PythonLibs: /usr/lib/x86_64-linux-gnu/libpython3.10.so (found suitable version "3.10.6", minimum required is "3.5") 
[10.131s] -- Using PYTHON_EXECUTABLE: /usr/bin/python3
[10.131s] -- Using PYTHON_INCLUDE_DIRS: /usr/include/python3.10
[10.131s] -- Using PYTHON_LIBRARIES: /usr/lib/x86_64-linux-gnu/libpython3.10.so
[10.153s] -- Found PythonExtra: .so  
[10.351s] -- Configuring done
[11.305s] -- Generating done
[11.310s] -- Build files have been written to: /home/anup_ahlawat/slam_toolbox_ws/build/slam_toolbox
[11.327s] Invoked command in '/home/anup_ahlawat/slam_toolbox_ws/build/slam_toolbox' returned '0': CMAKE_PREFIX_PATH=/opt/ros/humble /usr/bin/cmake /home/anup_ahlawat/slam_toolbox_ws/src/slam_toolbox -DCMAKE_INSTALL_PREFIX=/home/anup_ahlawat/slam_toolbox_ws/install/slam_toolbox
[11.328s] Invoking command in '/home/anup_ahlawat/slam_toolbox_ws/build/slam_toolbox': CMAKE_PREFIX_PATH=/opt/ros/humble /usr/bin/cmake --build /home/anup_ahlawat/slam_toolbox_ws/build/slam_toolbox -- -j8 -l8
[11.364s] [  1%] [34m[1mGenerating C code for ROS interfaces[0m
[11.372s] [  1%] [32mBuilding CXX object lib/karto_sdk/CMakeFiles/kartoSlamToolbox.dir/src/Karto.cpp.o[0m
[11.373s] [  2%] [32mBuilding CXX object lib/karto_sdk/CMakeFiles/kartoSlamToolbox.dir/src/Mapper.cpp.o[0m
[11.375s] [  3%] [34m[1mGenerating C++ code for ROS interfaces[0m
[11.380s] [  3%] Built target ament_cmake_python_copy_slam_toolbox
[11.604s] running egg_info
[11.605s] creating slam_toolbox.egg-info
[11.605s] writing slam_toolbox.egg-info/PKG-INFO
[11.605s] writing dependency_links to slam_toolbox.egg-info/dependency_links.txt
[11.605s] writing top-level names to slam_toolbox.egg-info/top_level.txt
[11.606s] writing manifest file 'slam_toolbox.egg-info/SOURCES.txt'
[11.608s] reading manifest file 'slam_toolbox.egg-info/SOURCES.txt'
[11.608s] writing manifest file 'slam_toolbox.egg-info/SOURCES.txt'
[11.631s] [  3%] Built target ament_cmake_python_build_slam_toolbox_egg
[12.300s] [  3%] Built target slam_toolbox__cpp
[12.308s] [  5%] [34m[1mGenerating C++ introspection for ROS interfaces[0m
[12.309s] [  5%] [34m[1mGenerating C++ type support for eProsima Fast-RTPS[0m
[12.309s] [  5%] [34m[1mGenerating C++ type support dispatch for ROS interfaces[0m
[12.516s] [  5%] [32mBuilding C object CMakeFiles/slam_toolbox__rosidl_generator_c.dir/rosidl_generator_c/slam_toolbox/srv/detail/clear_queue__functions.c.o[0m
[12.516s] [  7%] [32mBuilding C object CMakeFiles/slam_toolbox__rosidl_generator_c.dir/rosidl_generator_c/slam_toolbox/srv/detail/toggle_interactive__functions.c.o[0m
[12.517s] [  7%] [32mBuilding C object CMakeFiles/slam_toolbox__rosidl_generator_c.dir/rosidl_generator_c/slam_toolbox/srv/detail/pause__functions.c.o[0m
[13.110s] [  8%] [32mBuilding C object CMakeFiles/slam_toolbox__rosidl_generator_c.dir/rosidl_generator_c/slam_toolbox/srv/detail/clear__functions.c.o[0m
[13.111s] [  9%] [32mBuilding C object CMakeFiles/slam_toolbox__rosidl_generator_c.dir/rosidl_generator_c/slam_toolbox/srv/detail/save_map__functions.c.o[0m
[13.113s] [  9%] [32mBuilding C object CMakeFiles/slam_toolbox__rosidl_generator_c.dir/rosidl_generator_c/slam_toolbox/srv/detail/loop_closure__functions.c.o[0m
[13.135s] [ 10%] [32mBuilding CXX object CMakeFiles/slam_toolbox__rosidl_typesupport_cpp.dir/rosidl_typesupport_cpp/slam_toolbox/srv/pause__type_support.cpp.o[0m
[13.273s] [ 11%] [32mBuilding C object CMakeFiles/slam_toolbox__rosidl_generator_c.dir/rosidl_generator_c/slam_toolbox/srv/detail/merge_maps__functions.c.o[0m
[13.278s] [ 12%] [32mBuilding C object CMakeFiles/slam_toolbox__rosidl_generator_c.dir/rosidl_generator_c/slam_toolbox/srv/detail/add_submap__functions.c.o[0m
[13.283s] [ 12%] [32mBuilding C object CMakeFiles/slam_toolbox__rosidl_generator_c.dir/rosidl_generator_c/slam_toolbox/srv/detail/deserialize_pose_graph__functions.c.o[0m
[13.440s] [ 12%] [32mBuilding CXX object CMakeFiles/slam_toolbox__rosidl_typesupport_introspection_cpp.dir/rosidl_typesupport_introspection_cpp/slam_toolbox/srv/detail/pause__type_support.cpp.o[0m
[13.446s] [ 13%] [32mBuilding C object CMakeFiles/slam_toolbox__rosidl_generator_c.dir/rosidl_generator_c/slam_toolbox/srv/detail/serialize_pose_graph__functions.c.o[0m
[13.462s] [ 14%] [32mBuilding CXX object CMakeFiles/slam_toolbox__rosidl_typesupport_introspection_cpp.dir/rosidl_typesupport_introspection_cpp/slam_toolbox/srv/detail/clear_queue__type_support.cpp.o[0m
[13.473s] [ 15%] [32mBuilding CXX object CMakeFiles/slam_toolbox__rosidl_typesupport_cpp.dir/rosidl_typesupport_cpp/slam_toolbox/srv/clear_queue__type_support.cpp.o[0m
[13.643s] [ 16%] [32m[1mLinking C shared library libslam_toolbox__rosidl_generator_c.so[0m
[13.742s] [ 17%] [32mBuilding CXX object CMakeFiles/slam_toolbox__rosidl_typesupport_cpp.dir/rosidl_typesupport_cpp/slam_toolbox/srv/toggle_interactive__type_support.cpp.o[0m
[13.748s] [ 17%] Built target slam_toolbox__rosidl_generator_c
[13.766s] [ 18%] [34m[1mGenerating C type support for eProsima Fast-RTPS[0m
[13.861s] [ 18%] [32mBuilding CXX object CMakeFiles/slam_toolbox__rosidl_typesupport_cpp.dir/rosidl_typesupport_cpp/slam_toolbox/srv/clear__type_support.cpp.o[0m
[13.861s] [ 19%] [32mBuilding CXX object CMakeFiles/slam_toolbox__rosidl_typesupport_fastrtps_cpp.dir/rosidl_typesupport_fastrtps_cpp/slam_toolbox/srv/detail/dds_fastrtps/pause__type_support.cpp.o[0m
[14.028s] [ 20%] [32mBuilding CXX object CMakeFiles/slam_toolbox__rosidl_typesupport_introspection_cpp.dir/rosidl_typesupport_introspection_cpp/slam_toolbox/srv/detail/toggle_interactive__type_support.cpp.o[0m
[14.048s] [ 20%] [32mBuilding CXX object CMakeFiles/slam_toolbox__rosidl_typesupport_introspection_cpp.dir/rosidl_typesupport_introspection_cpp/slam_toolbox/srv/detail/clear__type_support.cpp.o[0m
[14.166s] [ 21%] [32mBuilding CXX object CMakeFiles/slam_toolbox__rosidl_typesupport_cpp.dir/rosidl_typesupport_cpp/slam_toolbox/srv/save_map__type_support.cpp.o[0m
[14.288s] [ 22%] [32mBuilding CXX object CMakeFiles/slam_toolbox__rosidl_typesupport_cpp.dir/rosidl_typesupport_cpp/slam_toolbox/srv/loop_closure__type_support.cpp.o[0m
[14.523s] [ 22%] [32mBuilding CXX object CMakeFiles/slam_toolbox__rosidl_typesupport_fastrtps_cpp.dir/rosidl_typesupport_fastrtps_cpp/slam_toolbox/srv/detail/dds_fastrtps/clear_queue__type_support.cpp.o[0m
[14.598s] [ 22%] [32mBuilding CXX object CMakeFiles/slam_toolbox__rosidl_typesupport_cpp.dir/rosidl_typesupport_cpp/slam_toolbox/srv/merge_maps__type_support.cpp.o[0m
[14.634s] [ 23%] [32mBuilding CXX object CMakeFiles/slam_toolbox__rosidl_typesupport_introspection_cpp.dir/rosidl_typesupport_introspection_cpp/slam_toolbox/srv/detail/save_map__type_support.cpp.o[0m
[14.646s] [ 24%] [32mBuilding CXX object CMakeFiles/slam_toolbox__rosidl_typesupport_introspection_cpp.dir/rosidl_typesupport_introspection_cpp/slam_toolbox/srv/detail/loop_closure__type_support.cpp.o[0m
[14.716s] [ 25%] [32mBuilding CXX object CMakeFiles/slam_toolbox__rosidl_typesupport_cpp.dir/rosidl_typesupport_cpp/slam_toolbox/srv/add_submap__type_support.cpp.o[0m
[15.047s] [ 26%] [32mBuilding CXX object CMakeFiles/slam_toolbox__rosidl_typesupport_cpp.dir/rosidl_typesupport_cpp/slam_toolbox/srv/deserialize_pose_graph__type_support.cpp.o[0m
[15.158s] [ 27%] [32mBuilding CXX object CMakeFiles/slam_toolbox__rosidl_typesupport_cpp.dir/rosidl_typesupport_cpp/slam_toolbox/srv/serialize_pose_graph__type_support.cpp.o[0m
[15.174s] [ 28%] [32mBuilding CXX object CMakeFiles/slam_toolbox__rosidl_typesupport_fastrtps_cpp.dir/rosidl_typesupport_fastrtps_cpp/slam_toolbox/srv/detail/dds_fastrtps/toggle_interactive__type_support.cpp.o[0m
[15.269s] [ 29%] [32mBuilding CXX object CMakeFiles/slam_toolbox__rosidl_typesupport_introspection_cpp.dir/rosidl_typesupport_introspection_cpp/slam_toolbox/srv/detail/merge_maps__type_support.cpp.o[0m
[15.301s] [ 29%] [32mBuilding CXX object CMakeFiles/slam_toolbox__rosidl_typesupport_introspection_cpp.dir/rosidl_typesupport_introspection_cpp/slam_toolbox/srv/detail/add_submap__type_support.cpp.o[0m
[15.508s] [ 30%] [32mBuilding CXX object CMakeFiles/slam_toolbox__rosidl_typesupport_introspection_cpp.dir/rosidl_typesupport_introspection_cpp/slam_toolbox/srv/detail/deserialize_pose_graph__type_support.cpp.o[0m
[15.563s] [ 30%] [32m[1mLinking CXX shared library libslam_toolbox__rosidl_typesupport_cpp.so[0m
[15.636s] [ 30%] Built target slam_toolbox__rosidl_typesupport_cpp
[15.636s] [ 31%] [32mBuilding CXX object CMakeFiles/slam_toolbox__rosidl_typesupport_fastrtps_c.dir/rosidl_typesupport_fastrtps_c/slam_toolbox/srv/detail/pause__type_support_c.cpp.o[0m
[15.655s] [ 32%] [34m[1mGenerating C introspection for ROS interfaces[0m
[15.812s] [ 33%] [32mBuilding CXX object CMakeFiles/slam_toolbox__rosidl_typesupport_fastrtps_cpp.dir/rosidl_typesupport_fastrtps_cpp/slam_toolbox/srv/detail/dds_fastrtps/clear__type_support.cpp.o[0m
[15.915s] [ 33%] [32mBuilding CXX object CMakeFiles/slam_toolbox__rosidl_typesupport_fastrtps_c.dir/rosidl_typesupport_fastrtps_c/slam_toolbox/srv/detail/clear_queue__type_support_c.cpp.o[0m
[15.971s] [ 34%] [32mBuilding CXX object CMakeFiles/slam_toolbox__rosidl_typesupport_introspection_cpp.dir/rosidl_typesupport_introspection_cpp/slam_toolbox/srv/detail/serialize_pose_graph__type_support.cpp.o[0m
[16.167s] [ 35%] [32mBuilding CXX object CMakeFiles/slam_toolbox__rosidl_typesupport_fastrtps_c.dir/rosidl_typesupport_fastrtps_c/slam_toolbox/srv/detail/toggle_interactive__type_support_c.cpp.o[0m
[16.236s] [ 36%] [32mBuilding CXX object CMakeFiles/slam_toolbox__rosidl_typesupport_fastrtps_c.dir/rosidl_typesupport_fastrtps_c/slam_toolbox/srv/detail/clear__type_support_c.cpp.o[0m
[16.496s] [ 37%] [32mBuilding CXX object CMakeFiles/slam_toolbox__rosidl_typesupport_fastrtps_cpp.dir/rosidl_typesupport_fastrtps_cpp/slam_toolbox/srv/detail/dds_fastrtps/save_map__type_support.cpp.o[0m
[16.497s] [ 38%] [32mBuilding CXX object CMakeFiles/slam_toolbox__rosidl_typesupport_fastrtps_c.dir/rosidl_typesupport_fastrtps_c/slam_toolbox/srv/detail/save_map__type_support_c.cpp.o[0m
[16.650s] [ 38%] [32m[1mLinking CXX shared library libslam_toolbox__rosidl_typesupport_introspection_cpp.so[0m
[16.766s] [ 38%] [32mBuilding CXX object CMakeFiles/slam_toolbox__rosidl_typesupport_fastrtps_c.dir/rosidl_typesupport_fastrtps_c/slam_toolbox/srv/detail/loop_closure__type_support_c.cpp.o[0m
[16.768s] [ 38%] Built target slam_toolbox__rosidl_typesupport_introspection_cpp
[16.784s] [ 38%] [34m[1mGenerating C type support dispatch for ROS interfaces[0m
[16.839s] [ 39%] [32mBuilding CXX object CMakeFiles/slam_toolbox__rosidl_typesupport_fastrtps_c.dir/rosidl_typesupport_fastrtps_c/slam_toolbox/srv/detail/merge_maps__type_support_c.cpp.o[0m
[17.085s] [ 40%] [32mBuilding CXX object CMakeFiles/slam_toolbox__rosidl_typesupport_fastrtps_c.dir/rosidl_typesupport_fastrtps_c/slam_toolbox/srv/detail/add_submap__type_support_c.cpp.o[0m
[17.207s] [ 40%] [32mBuilding CXX object CMakeFiles/slam_toolbox__rosidl_typesupport_fastrtps_cpp.dir/rosidl_typesupport_fastrtps_cpp/slam_toolbox/srv/detail/dds_fastrtps/loop_closure__type_support.cpp.o[0m
[17.348s] [ 40%] [32mBuilding CXX object CMakeFiles/slam_toolbox__rosidl_typesupport_fastrtps_c.dir/rosidl_typesupport_fastrtps_c/slam_toolbox/srv/detail/deserialize_pose_graph__type_support_c.cpp.o[0m
[17.419s] [ 41%] [32mBuilding CXX object CMakeFiles/slam_toolbox__rosidl_typesupport_fastrtps_c.dir/rosidl_typesupport_fastrtps_c/slam_toolbox/srv/detail/serialize_pose_graph__type_support_c.cpp.o[0m
[17.587s] [ 41%] [32mBuilding C object CMakeFiles/slam_toolbox__rosidl_typesupport_introspection_c.dir/rosidl_typesupport_introspection_c/slam_toolbox/srv/detail/pause__type_support.c.o[0m
[17.660s] [ 42%] [32mBuilding C object CMakeFiles/slam_toolbox__rosidl_typesupport_introspection_c.dir/rosidl_typesupport_introspection_c/slam_toolbox/srv/detail/clear_queue__type_support.c.o[0m
[17.722s] [ 43%] [32mBuilding C object CMakeFiles/slam_toolbox__rosidl_typesupport_introspection_c.dir/rosidl_typesupport_introspection_c/slam_toolbox/srv/detail/toggle_interactive__type_support.c.o[0m
[17.773s] [ 43%] [32mBuilding C object CMakeFiles/slam_toolbox__rosidl_typesupport_introspection_c.dir/rosidl_typesupport_introspection_c/slam_toolbox/srv/detail/clear__type_support.c.o[0m
[17.798s] [ 43%] [34m[1mGenerating rviz_plugin/moc_slam_toolbox_rviz_plugin.cpp[0m
[17.844s] [ 44%] [32mBuilding C object CMakeFiles/slam_toolbox__rosidl_typesupport_introspection_c.dir/rosidl_typesupport_introspection_c/slam_toolbox/srv/detail/save_map__type_support.c.o[0m
[17.869s] [ 45%] [32mBuilding CXX object CMakeFiles/SlamToolboxPlugin.dir/rviz_plugin/slam_toolbox_rviz_plugin.cpp.o[0m
[17.901s] [ 46%] [32mBuilding CXX object CMakeFiles/slam_toolbox__rosidl_typesupport_fastrtps_cpp.dir/rosidl_typesupport_fastrtps_cpp/slam_toolbox/srv/detail/dds_fastrtps/merge_maps__type_support.cpp.o[0m
[17.922s] [ 47%] [32mBuilding C object CMakeFiles/slam_toolbox__rosidl_typesupport_introspection_c.dir/rosidl_typesupport_introspection_c/slam_toolbox/srv/detail/loop_closure__type_support.c.o[0m
[17.979s] [ 48%] [32mBuilding CXX object CMakeFiles/SlamToolboxPlugin.dir/rviz_plugin/moc_slam_toolbox_rviz_plugin.cpp.o[0m
[17.998s] [ 49%] [32mBuilding C object CMakeFiles/slam_toolbox__rosidl_typesupport_introspection_c.dir/rosidl_typesupport_introspection_c/slam_toolbox/srv/detail/merge_maps__type_support.c.o[0m
[18.046s] [ 50%] [32m[1mLinking CXX shared library libslam_toolbox__rosidl_typesupport_fastrtps_c.so[0m
[18.062s] [ 51%] [32mBuilding CXX object CMakeFiles/slam_toolbox__rosidl_typesupport_c.dir/rosidl_typesupport_c/slam_toolbox/srv/pause__type_support.cpp.o[0m
[18.075s] [ 51%] [32mBuilding C object CMakeFiles/slam_toolbox__rosidl_typesupport_introspection_c.dir/rosidl_typesupport_introspection_c/slam_toolbox/srv/detail/add_submap__type_support.c.o[0m
[18.113s] [ 52%] [32mBuilding CXX object CMakeFiles/slam_toolbox__rosidl_typesupport_c.dir/rosidl_typesupport_c/slam_toolbox/srv/clear_queue__type_support.cpp.o[0m
[18.157s] [ 53%] [32mBuilding C object CMakeFiles/slam_toolbox__rosidl_typesupport_introspection_c.dir/rosidl_typesupport_introspection_c/slam_toolbox/srv/detail/deserialize_pose_graph__type_support.c.o[0m
[18.170s] [ 54%] [32mBuilding CXX object CMakeFiles/slam_toolbox__rosidl_typesupport_c.dir/rosidl_typesupport_c/slam_toolbox/srv/toggle_interactive__type_support.cpp.o[0m
[18.220s] [ 54%] Built target slam_toolbox__rosidl_typesupport_fastrtps_c
[18.223s] [ 54%] [32mBuilding CXX object CMakeFiles/slam_toolbox__rosidl_typesupport_c.dir/rosidl_typesupport_c/slam_toolbox/srv/clear__type_support.cpp.o[0m
[18.229s] [ 55%] [32mBuilding C object CMakeFiles/slam_toolbox__rosidl_typesupport_introspection_c.dir/rosidl_typesupport_introspection_c/slam_toolbox/srv/detail/serialize_pose_graph__type_support.c.o[0m
[18.233s] [ 56%] [32mBuilding CXX object CMakeFiles/slam_toolbox__rosidl_typesupport_c.dir/rosidl_typesupport_c/slam_toolbox/srv/save_map__type_support.cpp.o[0m
[18.280s] [ 57%] [32mBuilding CXX object CMakeFiles/slam_toolbox__rosidl_typesupport_c.dir/rosidl_typesupport_c/slam_toolbox/srv/loop_closure__type_support.cpp.o[0m
[18.284s] [ 57%] [32mBuilding CXX object CMakeFiles/slam_toolbox__rosidl_typesupport_c.dir/rosidl_typesupport_c/slam_toolbox/srv/merge_maps__type_support.cpp.o[0m
[18.307s] [ 57%] [32m[1mLinking C shared library libslam_toolbox__rosidl_typesupport_introspection_c.so[0m
[18.330s] [ 58%] [32mBuilding CXX object CMakeFiles/slam_toolbox__rosidl_typesupport_fastrtps_cpp.dir/rosidl_typesupport_fastrtps_cpp/slam_toolbox/srv/detail/dds_fastrtps/add_submap__type_support.cpp.o[0m
[18.338s] [ 59%] [32mBuilding CXX object CMakeFiles/slam_toolbox__rosidl_typesupport_c.dir/rosidl_typesupport_c/slam_toolbox/srv/add_submap__type_support.cpp.o[0m
[18.380s] [ 60%] [32mBuilding CXX object CMakeFiles/slam_toolbox__rosidl_typesupport_c.dir/rosidl_typesupport_c/slam_toolbox/srv/deserialize_pose_graph__type_support.cpp.o[0m
[18.394s] [ 60%] Built target slam_toolbox__rosidl_typesupport_introspection_c
[18.407s] [ 61%] [32mBuilding CXX object CMakeFiles/slam_toolbox__rosidl_typesupport_c.dir/rosidl_typesupport_c/slam_toolbox/srv/serialize_pose_graph__type_support.cpp.o[0m
[18.431s] [ 61%] [32mBuilding CXX object CMakeFiles/slam_toolbox__rosidl_typesupport_fastrtps_cpp.dir/rosidl_typesupport_fastrtps_cpp/slam_toolbox/srv/detail/dds_fastrtps/deserialize_pose_graph__type_support.cpp.o[0m
[18.460s] [ 61%] [32m[1mLinking CXX shared library libslam_toolbox__rosidl_typesupport_c.so[0m
[18.540s] [ 61%] Built target slam_toolbox__rosidl_typesupport_c
[18.548s] [ 62%] [32mBuilding CXX object CMakeFiles/slam_toolbox__rosidl_typesupport_fastrtps_cpp.dir/rosidl_typesupport_fastrtps_cpp/slam_toolbox/srv/detail/dds_fastrtps/serialize_pose_graph__type_support.cpp.o[0m
[19.104s] [ 63%] [32m[1mLinking CXX shared library libslam_toolbox__rosidl_typesupport_fastrtps_cpp.so[0m
[19.247s] [ 63%] Built target slam_toolbox__rosidl_typesupport_fastrtps_cpp
[19.264s] [ 63%] Built target slam_toolbox
[19.282s] [ 63%] [34m[1mGenerating Python code for ROS interfaces[0m
[21.717s] [ 63%] Built target slam_toolbox__py
[21.745s] [ 65%] [32mBuilding C object CMakeFiles/slam_toolbox__rosidl_generator_py.dir/rosidl_generator_py/slam_toolbox/srv/_clear_queue_s.c.o[0m
[21.745s] [ 66%] [32mBuilding C object CMakeFiles/slam_toolbox__rosidl_generator_py.dir/rosidl_generator_py/slam_toolbox/srv/_pause_s.c.o[0m
[21.745s] [ 66%] [32mBuilding C object CMakeFiles/slam_toolbox__rosidl_generator_py.dir/rosidl_generator_py/slam_toolbox/srv/_clear_s.c.o[0m
[21.746s] [ 66%] [32mBuilding C object CMakeFiles/slam_toolbox__rosidl_generator_py.dir/rosidl_generator_py/slam_toolbox/srv/_toggle_interactive_s.c.o[0m
[22.688s] [ 67%] [32mBuilding C object CMakeFiles/slam_toolbox__rosidl_generator_py.dir/rosidl_generator_py/slam_toolbox/srv/_save_map_s.c.o[0m
[22.688s] [ 67%] [32mBuilding C object CMakeFiles/slam_toolbox__rosidl_generator_py.dir/rosidl_generator_py/slam_toolbox/srv/_loop_closure_s.c.o[0m
[22.689s] [ 68%] [32mBuilding C object CMakeFiles/slam_toolbox__rosidl_generator_py.dir/rosidl_generator_py/slam_toolbox/srv/_merge_maps_s.c.o[0m
[22.692s] [ 69%] [32mBuilding C object CMakeFiles/slam_toolbox__rosidl_generator_py.dir/rosidl_generator_py/slam_toolbox/srv/_add_submap_s.c.o[0m
[22.883s] [ 69%] [32mBuilding C object CMakeFiles/slam_toolbox__rosidl_generator_py.dir/rosidl_generator_py/slam_toolbox/srv/_deserialize_pose_graph_s.c.o[0m
[22.893s] [ 70%] [32mBuilding C object CMakeFiles/slam_toolbox__rosidl_generator_py.dir/rosidl_generator_py/slam_toolbox/srv/_serialize_pose_graph_s.c.o[0m
[23.085s] [ 71%] [32m[1mLinking C shared library rosidl_generator_py/slam_toolbox/libslam_toolbox__rosidl_generator_py.so[0m
[23.172s] [ 71%] Built target slam_toolbox__rosidl_generator_py
[23.198s] [ 72%] [32mBuilding C object CMakeFiles/slam_toolbox__rosidl_typesupport_introspection_c__pyext.dir/rosidl_generator_py/slam_toolbox/_slam_toolbox_s.ep.rosidl_typesupport_introspection_c.c.o[0m
[23.199s] [ 73%] [32mBuilding C object CMakeFiles/slam_toolbox__rosidl_typesupport_c__pyext.dir/rosidl_generator_py/slam_toolbox/_slam_toolbox_s.ep.rosidl_typesupport_c.c.o[0m
[23.201s] [ 74%] [32mBuilding C object CMakeFiles/slam_toolbox__rosidl_typesupport_fastrtps_c__pyext.dir/rosidl_generator_py/slam_toolbox/_slam_toolbox_s.ep.rosidl_typesupport_fastrtps_c.c.o[0m
[23.707s] [ 75%] [32m[1mLinking C shared library rosidl_generator_py/slam_toolbox/slam_toolbox_s__rosidl_typesupport_c.cpython-310-x86_64-linux-gnu.so[0m
[23.741s] [ 75%] [32m[1mLinking C shared library rosidl_generator_py/slam_toolbox/slam_toolbox_s__rosidl_typesupport_fastrtps_c.cpython-310-x86_64-linux-gnu.so[0m
[23.748s] [ 76%] [32m[1mLinking C shared library rosidl_generator_py/slam_toolbox/slam_toolbox_s__rosidl_typesupport_introspection_c.cpython-310-x86_64-linux-gnu.so[0m
[23.780s] [ 76%] Built target slam_toolbox__rosidl_typesupport_c__pyext
[23.815s] [ 76%] Built target slam_toolbox__rosidl_typesupport_fastrtps_c__pyext
[23.823s] [ 76%] Built target slam_toolbox__rosidl_typesupport_introspection_c__pyext
[34.301s] [ 77%] [32m[1mLinking CXX shared library libkartoSlamToolbox.so[0m
[35.064s] [ 77%] Built target kartoSlamToolbox
[35.083s] [ 78%] [32mBuilding CXX object CMakeFiles/toolbox_common.dir/src/map_saver.cpp.o[0m
[35.085s] [ 79%] [32mBuilding CXX object CMakeFiles/ceres_solver_plugin.dir/solvers/ceres_solver.cpp.o[0m
[35.085s] [ 80%] [32mBuilding CXX object CMakeFiles/toolbox_common.dir/src/slam_toolbox_common.cpp.o[0m
[35.085s] [ 80%] [32mBuilding CXX object CMakeFiles/toolbox_common.dir/src/loop_closure_assistant.cpp.o[0m
[35.086s] [ 81%] [32mBuilding CXX object CMakeFiles/toolbox_common.dir/src/slam_mapper.cpp.o[0m
[35.086s] [ 82%] [32mBuilding CXX object CMakeFiles/toolbox_common.dir/src/laser_utils.cpp.o[0m
[42.007s] [ 82%] [32m[1mLinking CXX shared library libSlamToolboxPlugin.so[0m
[44.860s] [ 82%] Built target SlamToolboxPlugin
[52.084s] [ 83%] [32m[1mLinking CXX shared library libceres_solver_plugin.so[0m
[52.681s] [ 83%] Built target ceres_solver_plugin
[69.528s] [ 84%] [32m[1mLinking CXX shared library libtoolbox_common.so[0m
[70.066s] [ 84%] Built target toolbox_common
[70.084s] [ 86%] [32mBuilding CXX object CMakeFiles/sync_slam_toolbox.dir/src/slam_toolbox_sync.cpp.o[0m
[70.084s] [ 86%] [32mBuilding CXX object CMakeFiles/async_slam_toolbox.dir/src/slam_toolbox_async.cpp.o[0m
[70.085s] [ 87%] [32mBuilding CXX object CMakeFiles/lifelong_slam_toolbox.dir/src/experimental/slam_toolbox_lifelong.cpp.o[0m
[70.092s] [ 88%] [32mBuilding CXX object CMakeFiles/localization_slam_toolbox.dir/src/slam_toolbox_localization.cpp.o[0m
[70.092s] [ 88%] [32mBuilding CXX object CMakeFiles/merge_maps_kinematic.dir/src/merge_maps_kinematic.cpp.o[0m
[82.539s] [ 89%] [32m[1mLinking CXX shared library libasync_slam_toolbox.so[0m
[83.122s] [ 89%] Built target async_slam_toolbox
[83.124s] [ 89%] [32m[1mLinking CXX shared library liblifelong_slam_toolbox.so[0m
[83.147s] [ 90%] [32mBuilding CXX object CMakeFiles/async_slam_toolbox_node.dir/src/slam_toolbox_async_node.cpp.o[0m
[83.949s] [ 90%] Built target lifelong_slam_toolbox
[83.976s] [ 91%] [32mBuilding CXX object CMakeFiles/lifelong_slam_toolbox_node.dir/src/experimental/slam_toolbox_lifelong_node.cpp.o[0m
[88.355s] [ 92%] [32m[1mLinking CXX shared library libsync_slam_toolbox.so[0m
[89.010s] [ 92%] Built target sync_slam_toolbox
[89.031s] [ 93%] [32mBuilding CXX object CMakeFiles/sync_slam_toolbox_node.dir/src/slam_toolbox_sync_node.cpp.o[0m
[92.251s] [ 94%] [32m[1mLinking CXX executable merge_maps_kinematic[0m
[92.948s] [ 94%] Built target merge_maps_kinematic
[93.531s] [ 95%] [32m[1mLinking CXX shared library liblocalization_slam_toolbox.so[0m
[94.156s] [ 95%] Built target localization_slam_toolbox
[94.176s] [ 96%] [32mBuilding CXX object CMakeFiles/localization_slam_toolbox_node.dir/src/slam_toolbox_localization_node.cpp.o[0m
[94.184s] [ 96%] [32mBuilding CXX object CMakeFiles/map_and_localization_slam_toolbox.dir/src/experimental/slam_toolbox_map_and_localization.cpp.o[0m
[98.250s] [ 96%] [32m[1mLinking CXX executable async_slam_toolbox_node[0m
[98.977s] [ 96%] Built target async_slam_toolbox_node
[100.280s] [ 97%] [32m[1mLinking CXX executable lifelong_slam_toolbox_node[0m
[100.746s] [ 97%] Built target lifelong_slam_toolbox_node
[102.264s] [ 97%] [32m[1mLinking CXX executable sync_slam_toolbox_node[0m
[102.579s] [ 97%] Built target sync_slam_toolbox_node
[106.325s] [ 98%] [32m[1mLinking CXX executable localization_slam_toolbox_node[0m
[106.656s] [ 98%] Built target localization_slam_toolbox_node
[113.593s] [ 99%] [32m[1mLinking CXX shared library libmap_and_localization_slam_toolbox.so[0m
[113.992s] [ 99%] Built target map_and_localization_slam_toolbox
[114.008s] [100%] [32mBuilding CXX object CMakeFiles/map_and_localization_slam_toolbox_node.dir/src/experimental/slam_toolbox_map_and_localization_node.cpp.o[0m
[123.668s] [100%] [32m[1mLinking CXX executable map_and_localization_slam_toolbox_node[0m
[123.995s] [100%] Built target map_and_localization_slam_toolbox_node
[124.022s] Invoked command in '/home/anup_ahlawat/slam_toolbox_ws/build/slam_toolbox' returned '0': CMAKE_PREFIX_PATH=/opt/ros/humble /usr/bin/cmake --build /home/anup_ahlawat/slam_toolbox_ws/build/slam_toolbox -- -j8 -l8
[124.237s] Invoking command in '/home/anup_ahlawat/slam_toolbox_ws/build/slam_toolbox': CMAKE_PREFIX_PATH=/opt/ros/humble /usr/bin/cmake --install /home/anup_ahlawat/slam_toolbox_ws/build/slam_toolbox
[124.243s] -- Install configuration: "Release"
[124.243s] -- Installing: /home/anup_ahlawat/slam_toolbox_ws/install/slam_toolbox/share/ament_index/resource_index/rosidl_interfaces/slam_toolbox
[124.243s] -- Installing: /home/anup_ahlawat/slam_toolbox_ws/install/slam_toolbox/include/slam_toolbox/slam_toolbox
[124.243s] -- Installing: /home/anup_ahlawat/slam_toolbox_ws/install/slam_toolbox/include/slam_toolbox/slam_toolbox/srv
[124.243s] -- Installing: /home/anup_ahlawat/slam_toolbox_ws/install/slam_toolbox/include/slam_toolbox/slam_toolbox/srv/merge_maps.h
[124.243s] -- Installing: /home/anup_ahlawat/slam_toolbox_ws/install/slam_toolbox/include/slam_toolbox/slam_toolbox/srv/loop_closure.h
[124.243s] -- Installing: /home/anup_ahlawat/slam_toolbox_ws/install/slam_toolbox/include/slam_toolbox/slam_toolbox/srv/clear_queue.h
[124.243s] -- Installing: /home/anup_ahlawat/slam_toolbox_ws/install/slam_toolbox/include/slam_toolbox/slam_toolbox/srv/serialize_pose_graph.h
[124.243s] -- Installing: /home/anup_ahlawat/slam_toolbox_ws/install/slam_toolbox/include/slam_toolbox/slam_toolbox/srv/deserialize_pose_graph.h
[124.243s] -- Installing: /home/anup_ahlawat/slam_toolbox_ws/install/slam_toolbox/include/slam_toolbox/slam_toolbox/srv/clear.h
[124.243s] -- Installing: /home/anup_ahlawat/slam_toolbox_ws/install/slam_toolbox/include/slam_toolbox/slam_toolbox/srv/detail
[124.243s] -- Installing: /home/anup_ahlawat/slam_toolbox_ws/install/slam_toolbox/include/slam_toolbox/slam_toolbox/srv/detail/loop_closure__type_support.h
[124.244s] -- Installing: /home/anup_ahlawat/slam_toolbox_ws/install/slam_toolbox/include/slam_toolbox/slam_toolbox/srv/detail/clear_queue__functions.h
[124.244s] -- Installing: /home/anup_ahlawat/slam_toolbox_ws/install/slam_toolbox/include/slam_toolbox/slam_toolbox/srv/detail/save_map__functions.c
[124.244s] -- Installing: /home/anup_ahlawat/slam_toolbox_ws/install/slam_toolbox/include/slam_toolbox/slam_toolbox/srv/detail/pause__struct.h
[124.244s] -- Installing: /home/anup_ahlawat/slam_toolbox_ws/install/slam_toolbox/include/slam_toolbox/slam_toolbox/srv/detail/pause__type_support.h
[124.244s] -- Installing: /home/anup_ahlawat/slam_toolbox_ws/install/slam_toolbox/include/slam_toolbox/slam_toolbox/srv/detail/toggle_interactive__functions.c
[124.244s] -- Installing: /home/anup_ahlawat/slam_toolbox_ws/install/slam_toolbox/include/slam_toolbox/slam_toolbox/srv/detail/clear__struct.h
[124.244s] -- Installing: /home/anup_ahlawat/slam_toolbox_ws/install/slam_toolbox/include/slam_toolbox/slam_toolbox/srv/detail/clear_queue__struct.h
[124.244s] -- Installing: /home/anup_ahlawat/slam_toolbox_ws/install/slam_toolbox/include/slam_toolbox/slam_toolbox/srv/detail/clear__functions.c
[124.244s] -- Installing: /home/anup_ahlawat/slam_toolbox_ws/install/slam_toolbox/include/slam_toolbox/slam_toolbox/srv/detail/serialize_pose_graph__functions.h
[124.245s] -- Installing: /home/anup_ahlawat/slam_toolbox_ws/install/slam_toolbox/include/slam_toolbox/slam_toolbox/srv/detail/pause__functions.c
[124.245s] -- Installing: /home/anup_ahlawat/slam_toolbox_ws/install/slam_toolbox/include/slam_toolbox/slam_toolbox/srv/detail/add_submap__type_support.h
[124.245s] -- Installing: /home/anup_ahlawat/slam_toolbox_ws/install/slam_toolbox/include/slam_toolbox/slam_toolbox/srv/detail/pause__functions.h
[124.245s] -- Installing: /home/anup_ahlawat/slam_toolbox_ws/install/slam_toolbox/include/slam_toolbox/slam_toolbox/srv/detail/clear__type_support.h
[124.245s] -- Installing: /home/anup_ahlawat/slam_toolbox_ws/install/slam_toolbox/include/slam_toolbox/slam_toolbox/srv/detail/serialize_pose_graph__functions.c
[124.245s] -- Installing: /home/anup_ahlawat/slam_toolbox_ws/install/slam_toolbox/include/slam_toolbox/slam_toolbox/srv/detail/serialize_pose_graph__type_support.h
[124.245s] -- Installing: /home/anup_ahlawat/slam_toolbox_ws/install/slam_toolbox/include/slam_toolbox/slam_toolbox/srv/detail/loop_closure__functions.h
[124.245s] -- Installing: /home/anup_ahlawat/slam_toolbox_ws/install/slam_toolbox/include/slam_toolbox/slam_toolbox/srv/detail/loop_closure__struct.h
[124.245s] -- Installing: /home/anup_ahlawat/slam_toolbox_ws/install/slam_toolbox/include/slam_toolbox/slam_toolbox/srv/detail/loop_closure__functions.c
[124.245s] -- Installing: /home/anup_ahlawat/slam_toolbox_ws/install/slam_toolbox/include/slam_toolbox/slam_toolbox/srv/detail/clear_queue__type_support.h
[124.245s] -- Installing: /home/anup_ahlawat/slam_toolbox_ws/install/slam_toolbox/include/slam_toolbox/slam_toolbox/srv/detail/save_map__functions.h
[124.246s] -- Installing: /home/anup_ahlawat/slam_toolbox_ws/install/slam_toolbox/include/slam_toolbox/slam_toolbox/srv/detail/save_map__type_support.h
[124.246s] -- Installing: /home/anup_ahlawat/slam_toolbox_ws/install/slam_toolbox/include/slam_toolbox/slam_toolbox/srv/detail/merge_maps__struct.h
[124.246s] -- Installing: /home/anup_ahlawat/slam_toolbox_ws/install/slam_toolbox/include/slam_toolbox/slam_toolbox/srv/detail/add_submap__functions.c
[124.246s] -- Installing: /home/anup_ahlawat/slam_toolbox_ws/install/slam_toolbox/include/slam_toolbox/slam_toolbox/srv/detail/merge_maps__functions.c
[124.246s] -- Installing: /home/anup_ahlawat/slam_toolbox_ws/install/slam_toolbox/include/slam_toolbox/slam_toolbox/srv/detail/merge_maps__functions.h
[124.246s] -- Installing: /home/anup_ahlawat/slam_toolbox_ws/install/slam_toolbox/include/slam_toolbox/slam_toolbox/srv/detail/serialize_pose_graph__struct.h
[124.246s] -- Installing: /home/anup_ahlawat/slam_toolbox_ws/install/slam_toolbox/include/slam_toolbox/slam_toolbox/srv/detail/toggle_interactive__struct.h
[124.246s] -- Installing: /home/anup_ahlawat/slam_toolbox_ws/install/slam_toolbox/include/slam_toolbox/slam_toolbox/srv/detail/toggle_interactive__type_support.h
[124.246s] -- Installing: /home/anup_ahlawat/slam_toolbox_ws/install/slam_toolbox/include/slam_toolbox/slam_toolbox/srv/detail/clear__functions.h
[124.246s] -- Installing: /home/anup_ahlawat/slam_toolbox_ws/install/slam_toolbox/include/slam_toolbox/slam_toolbox/srv/detail/merge_maps__type_support.h
[124.246s] -- Installing: /home/anup_ahlawat/slam_toolbox_ws/install/slam_toolbox/include/slam_toolbox/slam_toolbox/srv/detail/toggle_interactive__functions.h
[124.246s] -- Installing: /home/anup_ahlawat/slam_toolbox_ws/install/slam_toolbox/include/slam_toolbox/slam_toolbox/srv/detail/deserialize_pose_graph__functions.c
[124.247s] -- Installing: /home/anup_ahlawat/slam_toolbox_ws/install/slam_toolbox/include/slam_toolbox/slam_toolbox/srv/detail/add_submap__functions.h
[124.247s] -- Installing: /home/anup_ahlawat/slam_toolbox_ws/install/slam_toolbox/include/slam_toolbox/slam_toolbox/srv/detail/save_map__struct.h
[124.247s] -- Installing: /home/anup_ahlawat/slam_toolbox_ws/install/slam_toolbox/include/slam_toolbox/slam_toolbox/srv/detail/add_submap__struct.h
[124.247s] -- Installing: /home/anup_ahlawat/slam_toolbox_ws/install/slam_toolbox/include/slam_toolbox/slam_toolbox/srv/detail/deserialize_pose_graph__functions.h
[124.247s] -- Installing: /home/anup_ahlawat/slam_toolbox_ws/install/slam_toolbox/include/slam_toolbox/slam_toolbox/srv/detail/deserialize_pose_graph__struct.h
[124.247s] -- Installing: /home/anup_ahlawat/slam_toolbox_ws/install/slam_toolbox/include/slam_toolbox/slam_toolbox/srv/detail/deserialize_pose_graph__type_support.h
[124.247s] -- Installing: /home/anup_ahlawat/slam_toolbox_ws/install/slam_toolbox/include/slam_toolbox/slam_toolbox/srv/detail/clear_queue__functions.c
[124.247s] -- Installing: /home/anup_ahlawat/slam_toolbox_ws/install/slam_toolbox/include/slam_toolbox/slam_toolbox/srv/pause.h
[124.247s] -- Installing: /home/anup_ahlawat/slam_toolbox_ws/install/slam_toolbox/include/slam_toolbox/slam_toolbox/srv/toggle_interactive.h
[124.247s] -- Installing: /home/anup_ahlawat/slam_toolbox_ws/install/slam_toolbox/include/slam_toolbox/slam_toolbox/srv/add_submap.h
[124.248s] -- Installing: /home/anup_ahlawat/slam_toolbox_ws/install/slam_toolbox/include/slam_toolbox/slam_toolbox/srv/save_map.h
[124.248s] -- Installing: /home/anup_ahlawat/slam_toolbox_ws/install/slam_toolbox/include/slam_toolbox/slam_toolbox/msg
[124.248s] -- Installing: /home/anup_ahlawat/slam_toolbox_ws/install/slam_toolbox/include/slam_toolbox/slam_toolbox/msg/rosidl_generator_c__visibility_control.h
[124.248s] -- Installing: /home/anup_ahlawat/slam_toolbox_ws/install/slam_toolbox/share/slam_toolbox/environment/library_path.sh
[124.248s] -- Installing: /home/anup_ahlawat/slam_toolbox_ws/install/slam_toolbox/share/slam_toolbox/environment/library_path.dsv
[124.248s] -- Installing: /home/anup_ahlawat/slam_toolbox_ws/install/slam_toolbox/lib/libslam_toolbox__rosidl_generator_c.so
[124.249s] -- Set runtime path of "/home/anup_ahlawat/slam_toolbox_ws/install/slam_toolbox/lib/libslam_toolbox__rosidl_generator_c.so" to ""
[124.249s] -- Up-to-date: /home/anup_ahlawat/slam_toolbox_ws/install/slam_toolbox/include/slam_toolbox/slam_toolbox
[124.249s] -- Up-to-date: /home/anup_ahlawat/slam_toolbox_ws/install/slam_toolbox/include/slam_toolbox/slam_toolbox/srv
[124.249s] -- Up-to-date: /home/anup_ahlawat/slam_toolbox_ws/install/slam_toolbox/include/slam_toolbox/slam_toolbox/srv/detail
[124.249s] -- Installing: /home/anup_ahlawat/slam_toolbox_ws/install/slam_toolbox/include/slam_toolbox/slam_toolbox/srv/detail/pause__rosidl_typesupport_fastrtps_c.h
[124.249s] -- Installing: /home/anup_ahlawat/slam_toolbox_ws/install/slam_toolbox/include/slam_toolbox/slam_toolbox/srv/detail/deserialize_pose_graph__rosidl_typesupport_fastrtps_c.h
[124.249s] -- Installing: /home/anup_ahlawat/slam_toolbox_ws/install/slam_toolbox/include/slam_toolbox/slam_toolbox/srv/detail/add_submap__rosidl_typesupport_fastrtps_c.h
[124.249s] -- Installing: /home/anup_ahlawat/slam_toolbox_ws/install/slam_toolbox/include/slam_toolbox/slam_toolbox/srv/detail/loop_closure__rosidl_typesupport_fastrtps_c.h
[124.249s] -- Installing: /home/anup_ahlawat/slam_toolbox_ws/install/slam_toolbox/include/slam_toolbox/slam_toolbox/srv/detail/save_map__rosidl_typesupport_fastrtps_c.h
[124.249s] -- Installing: /home/anup_ahlawat/slam_toolbox_ws/install/slam_toolbox/include/slam_toolbox/slam_toolbox/srv/detail/merge_maps__rosidl_typesupport_fastrtps_c.h
[124.250s] -- Installing: /home/anup_ahlawat/slam_toolbox_ws/install/slam_toolbox/include/slam_toolbox/slam_toolbox/srv/detail/clear__rosidl_typesupport_fastrtps_c.h
[124.250s] -- Installing: /home/anup_ahlawat/slam_toolbox_ws/install/slam_toolbox/include/slam_toolbox/slam_toolbox/srv/detail/clear_queue__rosidl_typesupport_fastrtps_c.h
[124.250s] -- Installing: /home/anup_ahlawat/slam_toolbox_ws/install/slam_toolbox/include/slam_toolbox/slam_toolbox/srv/detail/toggle_interactive__rosidl_typesupport_fastrtps_c.h
[124.250s] -- Installing: /home/anup_ahlawat/slam_toolbox_ws/install/slam_toolbox/include/slam_toolbox/slam_toolbox/srv/detail/serialize_pose_graph__rosidl_typesupport_fastrtps_c.h
[124.250s] -- Up-to-date: /home/anup_ahlawat/slam_toolbox_ws/install/slam_toolbox/include/slam_toolbox/slam_toolbox/msg
[124.250s] -- Installing: /home/anup_ahlawat/slam_toolbox_ws/install/slam_toolbox/include/slam_toolbox/slam_toolbox/msg/rosidl_typesupport_fastrtps_c__visibility_control.h
[124.250s] -- Installing: /home/anup_ahlawat/slam_toolbox_ws/install/slam_toolbox/lib/libslam_toolbox__rosidl_typesupport_fastrtps_c.so
[124.251s] -- Set runtime path of "/home/anup_ahlawat/slam_toolbox_ws/install/slam_toolbox/lib/libslam_toolbox__rosidl_typesupport_fastrtps_c.so" to ""
[124.251s] -- Up-to-date: /home/anup_ahlawat/slam_toolbox_ws/install/slam_toolbox/include/slam_toolbox/slam_toolbox
[124.251s] -- Up-to-date: /home/anup_ahlawat/slam_toolbox_ws/install/slam_toolbox/include/slam_toolbox/slam_toolbox/srv
[124.251s] -- Installing: /home/anup_ahlawat/slam_toolbox_ws/install/slam_toolbox/include/slam_toolbox/slam_toolbox/srv/loop_closure.hpp
[124.251s] -- Installing: /home/anup_ahlawat/slam_toolbox_ws/install/slam_toolbox/include/slam_toolbox/slam_toolbox/srv/toggle_interactive.hpp
[124.251s] -- Installing: /home/anup_ahlawat/slam_toolbox_ws/install/slam_toolbox/include/slam_toolbox/slam_toolbox/srv/clear.hpp
[124.251s] -- Up-to-date: /home/anup_ahlawat/slam_toolbox_ws/install/slam_toolbox/include/slam_toolbox/slam_toolbox/srv/detail
[124.251s] -- Installing: /home/anup_ahlawat/slam_toolbox_ws/install/slam_toolbox/include/slam_toolbox/slam_toolbox/srv/detail/loop_closure__builder.hpp
[124.251s] -- Installing: /home/anup_ahlawat/slam_toolbox_ws/install/slam_toolbox/include/slam_toolbox/slam_toolbox/srv/detail/pause__struct.hpp
[124.251s] -- Installing: /home/anup_ahlawat/slam_toolbox_ws/install/slam_toolbox/include/slam_toolbox/slam_toolbox/srv/detail/pause__traits.hpp
[124.252s] -- Installing: /home/anup_ahlawat/slam_toolbox_ws/install/slam_toolbox/include/slam_toolbox/slam_toolbox/srv/detail/serialize_pose_graph__traits.hpp
[124.252s] -- Installing: /home/anup_ahlawat/slam_toolbox_ws/install/slam_toolbox/include/slam_toolbox/slam_toolbox/srv/detail/serialize_pose_graph__struct.hpp
[124.252s] -- Installing: /home/anup_ahlawat/slam_toolbox_ws/install/slam_toolbox/include/slam_toolbox/slam_toolbox/srv/detail/loop_closure__traits.hpp
[124.252s] -- Installing: /home/anup_ahlawat/slam_toolbox_ws/install/slam_toolbox/include/slam_toolbox/slam_toolbox/srv/detail/merge_maps__struct.hpp
[124.252s] -- Installing: /home/anup_ahlawat/slam_toolbox_ws/install/slam_toolbox/include/slam_toolbox/slam_toolbox/srv/detail/clear__struct.hpp
[124.252s] -- Installing: /home/anup_ahlawat/slam_toolbox_ws/install/slam_toolbox/include/slam_toolbox/slam_toolbox/srv/detail/save_map__struct.hpp
[124.252s] -- Installing: /home/anup_ahlawat/slam_toolbox_ws/install/slam_toolbox/include/slam_toolbox/slam_toolbox/srv/detail/pause__builder.hpp
[124.252s] -- Installing: /home/anup_ahlawat/slam_toolbox_ws/install/slam_toolbox/include/slam_toolbox/slam_toolbox/srv/detail/deserialize_pose_graph__builder.hpp
[124.252s] -- Installing: /home/anup_ahlawat/slam_toolbox_ws/install/slam_toolbox/include/slam_toolbox/slam_toolbox/srv/detail/merge_maps__builder.hpp
[124.252s] -- Installing: /home/anup_ahlawat/slam_toolbox_ws/install/slam_toolbox/include/slam_toolbox/slam_toolbox/srv/detail/add_submap__traits.hpp
[124.253s] -- Installing: /home/anup_ahlawat/slam_toolbox_ws/install/slam_toolbox/include/slam_toolbox/slam_toolbox/srv/detail/clear_queue__builder.hpp
[124.253s] -- Installing: /home/anup_ahlawat/slam_toolbox_ws/install/slam_toolbox/include/slam_toolbox/slam_toolbox/srv/detail/loop_closure__struct.hpp
[124.253s] -- Installing: /home/anup_ahlawat/slam_toolbox_ws/install/slam_toolbox/include/slam_toolbox/slam_toolbox/srv/detail/add_submap__builder.hpp
[124.253s] -- Installing: /home/anup_ahlawat/slam_toolbox_ws/install/slam_toolbox/include/slam_toolbox/slam_toolbox/srv/detail/deserialize_pose_graph__traits.hpp
[124.253s] -- Installing: /home/anup_ahlawat/slam_toolbox_ws/install/slam_toolbox/include/slam_toolbox/slam_toolbox/srv/detail/toggle_interactive__traits.hpp
[124.253s] -- Installing: /home/anup_ahlawat/slam_toolbox_ws/install/slam_toolbox/include/slam_toolbox/slam_toolbox/srv/detail/toggle_interactive__builder.hpp
[124.253s] -- Installing: /home/anup_ahlawat/slam_toolbox_ws/install/slam_toolbox/include/slam_toolbox/slam_toolbox/srv/detail/merge_maps__traits.hpp
[124.253s] -- Installing: /home/anup_ahlawat/slam_toolbox_ws/install/slam_toolbox/include/slam_toolbox/slam_toolbox/srv/detail/add_submap__struct.hpp
[124.253s] -- Installing: /home/anup_ahlawat/slam_toolbox_ws/install/slam_toolbox/include/slam_toolbox/slam_toolbox/srv/detail/save_map__builder.hpp
[124.254s] -- Installing: /home/anup_ahlawat/slam_toolbox_ws/install/slam_toolbox/include/slam_toolbox/slam_toolbox/srv/detail/toggle_interactive__struct.hpp
[124.254s] -- Installing: /home/anup_ahlawat/slam_toolbox_ws/install/slam_toolbox/include/slam_toolbox/slam_toolbox/srv/detail/clear_queue__traits.hpp
[124.254s] -- Installing: /home/anup_ahlawat/slam_toolbox_ws/install/slam_toolbox/include/slam_toolbox/slam_toolbox/srv/detail/clear__builder.hpp
[124.254s] -- Installing: /home/anup_ahlawat/slam_toolbox_ws/install/slam_toolbox/include/slam_toolbox/slam_toolbox/srv/detail/save_map__traits.hpp
[124.254s] -- Installing: /home/anup_ahlawat/slam_toolbox_ws/install/slam_toolbox/include/slam_toolbox/slam_toolbox/srv/detail/clear__traits.hpp
[124.254s] -- Installing: /home/anup_ahlawat/slam_toolbox_ws/install/slam_toolbox/include/slam_toolbox/slam_toolbox/srv/detail/serialize_pose_graph__builder.hpp
[124.254s] -- Installing: /home/anup_ahlawat/slam_toolbox_ws/install/slam_toolbox/include/slam_toolbox/slam_toolbox/srv/detail/clear_queue__struct.hpp
[124.254s] -- Installing: /home/anup_ahlawat/slam_toolbox_ws/install/slam_toolbox/include/slam_toolbox/slam_toolbox/srv/detail/deserialize_pose_graph__struct.hpp
[124.254s] -- Installing: /home/anup_ahlawat/slam_toolbox_ws/install/slam_toolbox/include/slam_toolbox/slam_toolbox/srv/serialize_pose_graph.hpp
[124.255s] -- Installing: /home/anup_ahlawat/slam_toolbox_ws/install/slam_toolbox/include/slam_toolbox/slam_toolbox/srv/add_submap.hpp
[124.255s] -- Installing: /home/anup_ahlawat/slam_toolbox_ws/install/slam_toolbox/include/slam_toolbox/slam_toolbox/srv/deserialize_pose_graph.hpp
[124.255s] -- Installing: /home/anup_ahlawat/slam_toolbox_ws/install/slam_toolbox/include/slam_toolbox/slam_toolbox/srv/merge_maps.hpp
[124.255s] -- Installing: /home/anup_ahlawat/slam_toolbox_ws/install/slam_toolbox/include/slam_toolbox/slam_toolbox/srv/save_map.hpp
[124.255s] -- Installing: /home/anup_ahlawat/slam_toolbox_ws/install/slam_toolbox/include/slam_toolbox/slam_toolbox/srv/pause.hpp
[124.255s] -- Installing: /home/anup_ahlawat/slam_toolbox_ws/install/slam_toolbox/include/slam_toolbox/slam_toolbox/srv/clear_queue.hpp
[124.255s] -- Up-to-date: /home/anup_ahlawat/slam_toolbox_ws/install/slam_toolbox/include/slam_toolbox/slam_toolbox
[124.255s] -- Up-to-date: /home/anup_ahlawat/slam_toolbox_ws/install/slam_toolbox/include/slam_toolbox/slam_toolbox/srv
[124.255s] -- Up-to-date: /home/anup_ahlawat/slam_toolbox_ws/install/slam_toolbox/include/slam_toolbox/slam_toolbox/srv/detail
[124.255s] -- Installing: /home/anup_ahlawat/slam_toolbox_ws/install/slam_toolbox/include/slam_toolbox/slam_toolbox/srv/detail/loop_closure__rosidl_typesupport_fastrtps_cpp.hpp
[124.256s] -- Installing: /home/anup_ahlawat/slam_toolbox_ws/install/slam_toolbox/include/slam_toolbox/slam_toolbox/srv/detail/clear_queue__rosidl_typesupport_fastrtps_cpp.hpp
[124.256s] -- Installing: /home/anup_ahlawat/slam_toolbox_ws/install/slam_toolbox/include/slam_toolbox/slam_toolbox/srv/detail/toggle_interactive__rosidl_typesupport_fastrtps_cpp.hpp
[124.256s] -- Installing: /home/anup_ahlawat/slam_toolbox_ws/install/slam_toolbox/include/slam_toolbox/slam_toolbox/srv/detail/add_submap__rosidl_typesupport_fastrtps_cpp.hpp
[124.256s] -- Installing: /home/anup_ahlawat/slam_toolbox_ws/install/slam_toolbox/include/slam_toolbox/slam_toolbox/srv/detail/merge_maps__rosidl_typesupport_fastrtps_cpp.hpp
[124.256s] -- Installing: /home/anup_ahlawat/slam_toolbox_ws/install/slam_toolbox/include/slam_toolbox/slam_toolbox/srv/detail/save_map__rosidl_typesupport_fastrtps_cpp.hpp
[124.256s] -- Installing: /home/anup_ahlawat/slam_toolbox_ws/install/slam_toolbox/include/slam_toolbox/slam_toolbox/srv/detail/deserialize_pose_graph__rosidl_typesupport_fastrtps_cpp.hpp
[124.256s] -- Installing: /home/anup_ahlawat/slam_toolbox_ws/install/slam_toolbox/include/slam_toolbox/slam_toolbox/srv/detail/clear__rosidl_typesupport_fastrtps_cpp.hpp
[124.256s] -- Installing: /home/anup_ahlawat/slam_toolbox_ws/install/slam_toolbox/include/slam_toolbox/slam_toolbox/srv/detail/dds_fastrtps
[124.256s] -- Installing: /home/anup_ahlawat/slam_toolbox_ws/install/slam_toolbox/include/slam_toolbox/slam_toolbox/srv/detail/pause__rosidl_typesupport_fastrtps_cpp.hpp
[124.256s] -- Installing: /home/anup_ahlawat/slam_toolbox_ws/install/slam_toolbox/include/slam_toolbox/slam_toolbox/srv/detail/serialize_pose_graph__rosidl_typesupport_fastrtps_cpp.hpp
[124.257s] -- Up-to-date: /home/anup_ahlawat/slam_toolbox_ws/install/slam_toolbox/include/slam_toolbox/slam_toolbox/msg
[124.257s] -- Installing: /home/anup_ahlawat/slam_toolbox_ws/install/slam_toolbox/include/slam_toolbox/slam_toolbox/msg/rosidl_typesupport_fastrtps_cpp__visibility_control.h
[124.257s] -- Installing: /home/anup_ahlawat/slam_toolbox_ws/install/slam_toolbox/lib/libslam_toolbox__rosidl_typesupport_fastrtps_cpp.so
[124.257s] -- Set runtime path of "/home/anup_ahlawat/slam_toolbox_ws/install/slam_toolbox/lib/libslam_toolbox__rosidl_typesupport_fastrtps_cpp.so" to ""
[124.258s] -- Up-to-date: /home/anup_ahlawat/slam_toolbox_ws/install/slam_toolbox/include/slam_toolbox/slam_toolbox
[124.258s] -- Up-to-date: /home/anup_ahlawat/slam_toolbox_ws/install/slam_toolbox/include/slam_toolbox/slam_toolbox/srv
[124.258s] -- Up-to-date: /home/anup_ahlawat/slam_toolbox_ws/install/slam_toolbox/include/slam_toolbox/slam_toolbox/srv/detail
[124.258s] -- Installing: /home/anup_ahlawat/slam_toolbox_ws/install/slam_toolbox/include/slam_toolbox/slam_toolbox/srv/detail/toggle_interactive__rosidl_typesupport_introspection_c.h
[124.258s] -- Installing: /home/anup_ahlawat/slam_toolbox_ws/install/slam_toolbox/include/slam_toolbox/slam_toolbox/srv/detail/loop_closure__rosidl_typesupport_introspection_c.h
[124.258s] -- Installing: /home/anup_ahlawat/slam_toolbox_ws/install/slam_toolbox/include/slam_toolbox/slam_toolbox/srv/detail/serialize_pose_graph__rosidl_typesupport_introspection_c.h
[124.258s] -- Installing: /home/anup_ahlawat/slam_toolbox_ws/install/slam_toolbox/include/slam_toolbox/slam_toolbox/srv/detail/add_submap__type_support.c
[124.258s] -- Installing: /home/anup_ahlawat/slam_toolbox_ws/install/slam_toolbox/include/slam_toolbox/slam_toolbox/srv/detail/pause__rosidl_typesupport_introspection_c.h
[124.258s] -- Installing: /home/anup_ahlawat/slam_toolbox_ws/install/slam_toolbox/include/slam_toolbox/slam_toolbox/srv/detail/add_submap__rosidl_typesupport_introspection_c.h
[124.258s] -- Installing: /home/anup_ahlawat/slam_toolbox_ws/install/slam_toolbox/include/slam_toolbox/slam_toolbox/srv/detail/clear_queue__rosidl_typesupport_introspection_c.h
[124.258s] -- Installing: /home/anup_ahlawat/slam_toolbox_ws/install/slam_toolbox/include/slam_toolbox/slam_toolbox/srv/detail/pause__type_support.c
[124.259s] -- Installing: /home/anup_ahlawat/slam_toolbox_ws/install/slam_toolbox/include/slam_toolbox/slam_toolbox/srv/detail/deserialize_pose_graph__rosidl_typesupport_introspection_c.h
[124.259s] -- Installing: /home/anup_ahlawat/slam_toolbox_ws/install/slam_toolbox/include/slam_toolbox/slam_toolbox/srv/detail/save_map__rosidl_typesupport_introspection_c.h
[124.259s] -- Installing: /home/anup_ahlawat/slam_toolbox_ws/install/slam_toolbox/include/slam_toolbox/slam_toolbox/srv/detail/clear__type_support.c
[124.259s] -- Installing: /home/anup_ahlawat/slam_toolbox_ws/install/slam_toolbox/include/slam_toolbox/slam_toolbox/srv/detail/merge_maps__rosidl_typesupport_introspection_c.h
[124.259s] -- Installing: /home/anup_ahlawat/slam_toolbox_ws/install/slam_toolbox/include/slam_toolbox/slam_toolbox/srv/detail/save_map__type_support.c
[124.259s] -- Installing: /home/anup_ahlawat/slam_toolbox_ws/install/slam_toolbox/include/slam_toolbox/slam_toolbox/srv/detail/merge_maps__type_support.c
[124.259s] -- Installing: /home/anup_ahlawat/slam_toolbox_ws/install/slam_toolbox/include/slam_toolbox/slam_toolbox/srv/detail/deserialize_pose_graph__type_support.c
[124.259s] -- Installing: /home/anup_ahlawat/slam_toolbox_ws/install/slam_toolbox/include/slam_toolbox/slam_toolbox/srv/detail/toggle_interactive__type_support.c
[124.259s] -- Installing: /home/anup_ahlawat/slam_toolbox_ws/install/slam_toolbox/include/slam_toolbox/slam_toolbox/srv/detail/serialize_pose_graph__type_support.c
[124.260s] -- Installing: /home/anup_ahlawat/slam_toolbox_ws/install/slam_toolbox/include/slam_toolbox/slam_toolbox/srv/detail/clear__rosidl_typesupport_introspection_c.h
[124.260s] -- Installing: /home/anup_ahlawat/slam_toolbox_ws/install/slam_toolbox/include/slam_toolbox/slam_toolbox/srv/detail/clear_queue__type_support.c
[124.260s] -- Installing: /home/anup_ahlawat/slam_toolbox_ws/install/slam_toolbox/include/slam_toolbox/slam_toolbox/srv/detail/loop_closure__type_support.c
[124.260s] -- Up-to-date: /home/anup_ahlawat/slam_toolbox_ws/install/slam_toolbox/include/slam_toolbox/slam_toolbox/msg
[124.260s] -- Installing: /home/anup_ahlawat/slam_toolbox_ws/install/slam_toolbox/include/slam_toolbox/slam_toolbox/msg/rosidl_typesupport_introspection_c__visibility_control.h
[124.260s] -- Installing: /home/anup_ahlawat/slam_toolbox_ws/install/slam_toolbox/lib/libslam_toolbox__rosidl_typesupport_introspection_c.so
[124.261s] -- Set runtime path of "/home/anup_ahlawat/slam_toolbox_ws/install/slam_toolbox/lib/libslam_toolbox__rosidl_typesupport_introspection_c.so" to ""
[124.261s] -- Installing: /home/anup_ahlawat/slam_toolbox_ws/install/slam_toolbox/lib/libslam_toolbox__rosidl_typesupport_c.so
[124.261s] -- Set runtime path of "/home/anup_ahlawat/slam_toolbox_ws/install/slam_toolbox/lib/libslam_toolbox__rosidl_typesupport_c.so" to ""
[124.261s] -- Up-to-date: /home/anup_ahlawat/slam_toolbox_ws/install/slam_toolbox/include/slam_toolbox/slam_toolbox
[124.261s] -- Up-to-date: /home/anup_ahlawat/slam_toolbox_ws/install/slam_toolbox/include/slam_toolbox/slam_toolbox/srv
[124.261s] -- Up-to-date: /home/anup_ahlawat/slam_toolbox_ws/install/slam_toolbox/include/slam_toolbox/slam_toolbox/srv/detail
[124.261s] -- Installing: /home/anup_ahlawat/slam_toolbox_ws/install/slam_toolbox/include/slam_toolbox/slam_toolbox/srv/detail/add_submap__type_support.cpp
[124.261s] -- Installing: /home/anup_ahlawat/slam_toolbox_ws/install/slam_toolbox/include/slam_toolbox/slam_toolbox/srv/detail/serialize_pose_graph__rosidl_typesupport_introspection_cpp.hpp
[124.262s] -- Installing: /home/anup_ahlawat/slam_toolbox_ws/install/slam_toolbox/include/slam_toolbox/slam_toolbox/srv/detail/toggle_interactive__type_support.cpp
[124.262s] -- Installing: /home/anup_ahlawat/slam_toolbox_ws/install/slam_toolbox/include/slam_toolbox/slam_toolbox/srv/detail/add_submap__rosidl_typesupport_introspection_cpp.hpp
[124.262s] -- Installing: /home/anup_ahlawat/slam_toolbox_ws/install/slam_toolbox/include/slam_toolbox/slam_toolbox/srv/detail/loop_closure__rosidl_typesupport_introspection_cpp.hpp
[124.262s] -- Installing: /home/anup_ahlawat/slam_toolbox_ws/install/slam_toolbox/include/slam_toolbox/slam_toolbox/srv/detail/save_map__type_support.cpp
[124.262s] -- Installing: /home/anup_ahlawat/slam_toolbox_ws/install/slam_toolbox/include/slam_toolbox/slam_toolbox/srv/detail/clear_queue__type_support.cpp
[124.262s] -- Installing: /home/anup_ahlawat/slam_toolbox_ws/install/slam_toolbox/include/slam_toolbox/slam_toolbox/srv/detail/clear__type_support.cpp
[124.262s] -- Installing: /home/anup_ahlawat/slam_toolbox_ws/install/slam_toolbox/include/slam_toolbox/slam_toolbox/srv/detail/merge_maps__type_support.cpp
[124.262s] -- Installing: /home/anup_ahlawat/slam_toolbox_ws/install/slam_toolbox/include/slam_toolbox/slam_toolbox/srv/detail/deserialize_pose_graph__type_support.cpp
[124.262s] -- Installing: /home/anup_ahlawat/slam_toolbox_ws/install/slam_toolbox/include/slam_toolbox/slam_toolbox/srv/detail/deserialize_pose_graph__rosidl_typesupport_introspection_cpp.hpp
[124.263s] -- Installing: /home/anup_ahlawat/slam_toolbox_ws/install/slam_toolbox/include/slam_toolbox/slam_toolbox/srv/detail/loop_closure__type_support.cpp
[124.263s] -- Installing: /home/anup_ahlawat/slam_toolbox_ws/install/slam_toolbox/include/slam_toolbox/slam_toolbox/srv/detail/toggle_interactive__rosidl_typesupport_introspection_cpp.hpp
[124.263s] -- Installing: /home/anup_ahlawat/slam_toolbox_ws/install/slam_toolbox/include/slam_toolbox/slam_toolbox/srv/detail/pause__rosidl_typesupport_introspection_cpp.hpp
[124.263s] -- Installing: /home/anup_ahlawat/slam_toolbox_ws/install/slam_toolbox/include/slam_toolbox/slam_toolbox/srv/detail/save_map__rosidl_typesupport_introspection_cpp.hpp
[124.263s] -- Installing: /home/anup_ahlawat/slam_toolbox_ws/install/slam_toolbox/include/slam_toolbox/slam_toolbox/srv/detail/clear__rosidl_typesupport_introspection_cpp.hpp
[124.263s] -- Installing: /home/anup_ahlawat/slam_toolbox_ws/install/slam_toolbox/include/slam_toolbox/slam_toolbox/srv/detail/pause__type_support.cpp
[124.263s] -- Installing: /home/anup_ahlawat/slam_toolbox_ws/install/slam_toolbox/include/slam_toolbox/slam_toolbox/srv/detail/merge_maps__rosidl_typesupport_introspection_cpp.hpp
[124.263s] -- Installing: /home/anup_ahlawat/slam_toolbox_ws/install/slam_toolbox/include/slam_toolbox/slam_toolbox/srv/detail/serialize_pose_graph__type_support.cpp
[124.263s] -- Installing: /home/anup_ahlawat/slam_toolbox_ws/install/slam_toolbox/include/slam_toolbox/slam_toolbox/srv/detail/clear_queue__rosidl_typesupport_introspection_cpp.hpp
[124.264s] -- Installing: /home/anup_ahlawat/slam_toolbox_ws/install/slam_toolbox/lib/libslam_toolbox__rosidl_typesupport_introspection_cpp.so
[124.264s] -- Set runtime path of "/home/anup_ahlawat/slam_toolbox_ws/install/slam_toolbox/lib/libslam_toolbox__rosidl_typesupport_introspection_cpp.so" to ""
[124.264s] -- Installing: /home/anup_ahlawat/slam_toolbox_ws/install/slam_toolbox/lib/libslam_toolbox__rosidl_typesupport_cpp.so
[124.265s] -- Set runtime path of "/home/anup_ahlawat/slam_toolbox_ws/install/slam_toolbox/lib/libslam_toolbox__rosidl_typesupport_cpp.so" to ""
[124.265s] -- Installing: /home/anup_ahlawat/slam_toolbox_ws/install/slam_toolbox/share/slam_toolbox/environment/pythonpath.sh
[124.265s] -- Installing: /home/anup_ahlawat/slam_toolbox_ws/install/slam_toolbox/share/slam_toolbox/environment/pythonpath.dsv
[124.265s] -- Installing: /home/anup_ahlawat/slam_toolbox_ws/install/slam_toolbox/local/lib/python3.10/dist-packages/slam_toolbox-2.6.0-py3.10.egg-info
[124.265s] -- Installing: /home/anup_ahlawat/slam_toolbox_ws/install/slam_toolbox/local/lib/python3.10/dist-packages/slam_toolbox-2.6.0-py3.10.egg-info/top_level.txt
[124.265s] -- Installing: /home/anup_ahlawat/slam_toolbox_ws/install/slam_toolbox/local/lib/python3.10/dist-packages/slam_toolbox-2.6.0-py3.10.egg-info/PKG-INFO
[124.265s] -- Installing: /home/anup_ahlawat/slam_toolbox_ws/install/slam_toolbox/local/lib/python3.10/dist-packages/slam_toolbox-2.6.0-py3.10.egg-info/dependency_links.txt
[124.265s] -- Installing: /home/anup_ahlawat/slam_toolbox_ws/install/slam_toolbox/local/lib/python3.10/dist-packages/slam_toolbox-2.6.0-py3.10.egg-info/SOURCES.txt
[124.266s] -- Installing: /home/anup_ahlawat/slam_toolbox_ws/install/slam_toolbox/local/lib/python3.10/dist-packages/slam_toolbox
[124.266s] -- Installing: /home/anup_ahlawat/slam_toolbox_ws/install/slam_toolbox/local/lib/python3.10/dist-packages/slam_toolbox/srv
[124.266s] -- Installing: /home/anup_ahlawat/slam_toolbox_ws/install/slam_toolbox/local/lib/python3.10/dist-packages/slam_toolbox/srv/_serialize_pose_graph_s.c
[124.266s] -- Installing: /home/anup_ahlawat/slam_toolbox_ws/install/slam_toolbox/local/lib/python3.10/dist-packages/slam_toolbox/srv/_add_submap.py
[124.266s] -- Installing: /home/anup_ahlawat/slam_toolbox_ws/install/slam_toolbox/local/lib/python3.10/dist-packages/slam_toolbox/srv/_clear_s.c
[124.266s] -- Installing: /home/anup_ahlawat/slam_toolbox_ws/install/slam_toolbox/local/lib/python3.10/dist-packages/slam_toolbox/srv/_save_map_s.c
[124.266s] -- Installing: /home/anup_ahlawat/slam_toolbox_ws/install/slam_toolbox/local/lib/python3.10/dist-packages/slam_toolbox/srv/_add_submap_s.c
[124.266s] -- Installing: /home/anup_ahlawat/slam_toolbox_ws/install/slam_toolbox/local/lib/python3.10/dist-packages/slam_toolbox/srv/_serialize_pose_graph.py
[124.266s] -- Installing: /home/anup_ahlawat/slam_toolbox_ws/install/slam_toolbox/local/lib/python3.10/dist-packages/slam_toolbox/srv/_deserialize_pose_graph.py
[124.266s] -- Installing: /home/anup_ahlawat/slam_toolbox_ws/install/slam_toolbox/local/lib/python3.10/dist-packages/slam_toolbox/srv/_toggle_interactive.py
[124.267s] -- Installing: /home/anup_ahlawat/slam_toolbox_ws/install/slam_toolbox/local/lib/python3.10/dist-packages/slam_toolbox/srv/_clear.py
[124.267s] -- Installing: /home/anup_ahlawat/slam_toolbox_ws/install/slam_toolbox/local/lib/python3.10/dist-packages/slam_toolbox/srv/_clear_queue.py
[124.267s] -- Installing: /home/anup_ahlawat/slam_toolbox_ws/install/slam_toolbox/local/lib/python3.10/dist-packages/slam_toolbox/srv/_deserialize_pose_graph_s.c
[124.267s] -- Installing: /home/anup_ahlawat/slam_toolbox_ws/install/slam_toolbox/local/lib/python3.10/dist-packages/slam_toolbox/srv/__init__.py
[124.267s] -- Installing: /home/anup_ahlawat/slam_toolbox_ws/install/slam_toolbox/local/lib/python3.10/dist-packages/slam_toolbox/srv/_loop_closure.py
[124.267s] -- Installing: /home/anup_ahlawat/slam_toolbox_ws/install/slam_toolbox/local/lib/python3.10/dist-packages/slam_toolbox/srv/_merge_maps.py
[124.267s] -- Installing: /home/anup_ahlawat/slam_toolbox_ws/install/slam_toolbox/local/lib/python3.10/dist-packages/slam_toolbox/srv/_merge_maps_s.c
[124.267s] -- Installing: /home/anup_ahlawat/slam_toolbox_ws/install/slam_toolbox/local/lib/python3.10/dist-packages/slam_toolbox/srv/_pause_s.c
[124.267s] -- Installing: /home/anup_ahlawat/slam_toolbox_ws/install/slam_toolbox/local/lib/python3.10/dist-packages/slam_toolbox/srv/_toggle_interactive_s.c
[124.268s] -- Installing: /home/anup_ahlawat/slam_toolbox_ws/install/slam_toolbox/local/lib/python3.10/dist-packages/slam_toolbox/srv/_save_map.py
[124.268s] -- Installing: /home/anup_ahlawat/slam_toolbox_ws/install/slam_toolbox/local/lib/python3.10/dist-packages/slam_toolbox/srv/_pause.py
[124.268s] -- Installing: /home/anup_ahlawat/slam_toolbox_ws/install/slam_toolbox/local/lib/python3.10/dist-packages/slam_toolbox/srv/_clear_queue_s.c
[124.268s] -- Installing: /home/anup_ahlawat/slam_toolbox_ws/install/slam_toolbox/local/lib/python3.10/dist-packages/slam_toolbox/srv/_loop_closure_s.c
[124.268s] -- Installing: /home/anup_ahlawat/slam_toolbox_ws/install/slam_toolbox/local/lib/python3.10/dist-packages/slam_toolbox/slam_toolbox_s__rosidl_typesupport_introspection_c.cpython-310-x86_64-linux-gnu.so
[124.268s] -- Installing: /home/anup_ahlawat/slam_toolbox_ws/install/slam_toolbox/local/lib/python3.10/dist-packages/slam_toolbox/_slam_toolbox_s.ep.rosidl_typesupport_introspection_c.c
[124.268s] -- Installing: /home/anup_ahlawat/slam_toolbox_ws/install/slam_toolbox/local/lib/python3.10/dist-packages/slam_toolbox/slam_toolbox_s__rosidl_typesupport_c.cpython-310-x86_64-linux-gnu.so
[124.269s] -- Installing: /home/anup_ahlawat/slam_toolbox_ws/install/slam_toolbox/local/lib/python3.10/dist-packages/slam_toolbox/_slam_toolbox_s.ep.rosidl_typesupport_c.c
[124.269s] -- Installing: /home/anup_ahlawat/slam_toolbox_ws/install/slam_toolbox/local/lib/python3.10/dist-packages/slam_toolbox/libslam_toolbox__rosidl_generator_py.so
[124.269s] -- Installing: /home/anup_ahlawat/slam_toolbox_ws/install/slam_toolbox/local/lib/python3.10/dist-packages/slam_toolbox/slam_toolbox_s__rosidl_typesupport_fastrtps_c.cpython-310-x86_64-linux-gnu.so
[124.269s] -- Installing: /home/anup_ahlawat/slam_toolbox_ws/install/slam_toolbox/local/lib/python3.10/dist-packages/slam_toolbox/__init__.py
[124.269s] -- Installing: /home/anup_ahlawat/slam_toolbox_ws/install/slam_toolbox/local/lib/python3.10/dist-packages/slam_toolbox/_slam_toolbox_s.ep.rosidl_typesupport_fastrtps_c.c
[124.306s] Listing '/home/anup_ahlawat/slam_toolbox_ws/install/slam_toolbox/local/lib/python3.10/dist-packages/slam_toolbox'...
[124.306s] Compiling '/home/anup_ahlawat/slam_toolbox_ws/install/slam_toolbox/local/lib/python3.10/dist-packages/slam_toolbox/__init__.py'...
[124.306s] Listing '/home/anup_ahlawat/slam_toolbox_ws/install/slam_toolbox/local/lib/python3.10/dist-packages/slam_toolbox/srv'...
[124.307s] Compiling '/home/anup_ahlawat/slam_toolbox_ws/install/slam_toolbox/local/lib/python3.10/dist-packages/slam_toolbox/srv/__init__.py'...
[124.307s] Compiling '/home/anup_ahlawat/slam_toolbox_ws/install/slam_toolbox/local/lib/python3.10/dist-packages/slam_toolbox/srv/_add_submap.py'...
[124.307s] Compiling '/home/anup_ahlawat/slam_toolbox_ws/install/slam_toolbox/local/lib/python3.10/dist-packages/slam_toolbox/srv/_clear.py'...
[124.307s] Compiling '/home/anup_ahlawat/slam_toolbox_ws/install/slam_toolbox/local/lib/python3.10/dist-packages/slam_toolbox/srv/_clear_queue.py'...
[124.307s] Compiling '/home/anup_ahlawat/slam_toolbox_ws/install/slam_toolbox/local/lib/python3.10/dist-packages/slam_toolbox/srv/_deserialize_pose_graph.py'...
[124.307s] Compiling '/home/anup_ahlawat/slam_toolbox_ws/install/slam_toolbox/local/lib/python3.10/dist-packages/slam_toolbox/srv/_loop_closure.py'...
[124.307s] Compiling '/home/anup_ahlawat/slam_toolbox_ws/install/slam_toolbox/local/lib/python3.10/dist-packages/slam_toolbox/srv/_merge_maps.py'...
[124.307s] Compiling '/home/anup_ahlawat/slam_toolbox_ws/install/slam_toolbox/local/lib/python3.10/dist-packages/slam_toolbox/srv/_pause.py'...
[124.307s] Compiling '/home/anup_ahlawat/slam_toolbox_ws/install/slam_toolbox/local/lib/python3.10/dist-packages/slam_toolbox/srv/_save_map.py'...
[124.307s] Compiling '/home/anup_ahlawat/slam_toolbox_ws/install/slam_toolbox/local/lib/python3.10/dist-packages/slam_toolbox/srv/_serialize_pose_graph.py'...
[124.307s] Compiling '/home/anup_ahlawat/slam_toolbox_ws/install/slam_toolbox/local/lib/python3.10/dist-packages/slam_toolbox/srv/_toggle_interactive.py'...
[124.310s] -- Installing: /home/anup_ahlawat/slam_toolbox_ws/install/slam_toolbox/local/lib/python3.10/dist-packages/slam_toolbox/slam_toolbox_s__rosidl_typesupport_fastrtps_c.cpython-310-x86_64-linux-gnu.so
[124.311s] -- Set runtime path of "/home/anup_ahlawat/slam_toolbox_ws/install/slam_toolbox/local/lib/python3.10/dist-packages/slam_toolbox/slam_toolbox_s__rosidl_typesupport_fastrtps_c.cpython-310-x86_64-linux-gnu.so" to ""
[124.311s] -- Installing: /home/anup_ahlawat/slam_toolbox_ws/install/slam_toolbox/local/lib/python3.10/dist-packages/slam_toolbox/slam_toolbox_s__rosidl_typesupport_introspection_c.cpython-310-x86_64-linux-gnu.so
[124.311s] -- Set runtime path of "/home/anup_ahlawat/slam_toolbox_ws/install/slam_toolbox/local/lib/python3.10/dist-packages/slam_toolbox/slam_toolbox_s__rosidl_typesupport_introspection_c.cpython-310-x86_64-linux-gnu.so" to ""
[124.311s] -- Installing: /home/anup_ahlawat/slam_toolbox_ws/install/slam_toolbox/local/lib/python3.10/dist-packages/slam_toolbox/slam_toolbox_s__rosidl_typesupport_c.cpython-310-x86_64-linux-gnu.so
[124.312s] -- Set runtime path of "/home/anup_ahlawat/slam_toolbox_ws/install/slam_toolbox/local/lib/python3.10/dist-packages/slam_toolbox/slam_toolbox_s__rosidl_typesupport_c.cpython-310-x86_64-linux-gnu.so" to ""
[124.312s] -- Installing: /home/anup_ahlawat/slam_toolbox_ws/install/slam_toolbox/lib/libslam_toolbox__rosidl_generator_py.so
[124.312s] -- Set runtime path of "/home/anup_ahlawat/slam_toolbox_ws/install/slam_toolbox/lib/libslam_toolbox__rosidl_generator_py.so" to ""
[124.312s] -- Installing: /home/anup_ahlawat/slam_toolbox_ws/install/slam_toolbox/share/slam_toolbox/srv/Pause.idl
[124.312s] -- Installing: /home/anup_ahlawat/slam_toolbox_ws/install/slam_toolbox/share/slam_toolbox/srv/ClearQueue.idl
[124.313s] -- Installing: /home/anup_ahlawat/slam_toolbox_ws/install/slam_toolbox/share/slam_toolbox/srv/ToggleInteractive.idl
[124.313s] -- Installing: /home/anup_ahlawat/slam_toolbox_ws/install/slam_toolbox/share/slam_toolbox/srv/Clear.idl
[124.313s] -- Installing: /home/anup_ahlawat/slam_toolbox_ws/install/slam_toolbox/share/slam_toolbox/srv/SaveMap.idl
[124.313s] -- Installing: /home/anup_ahlawat/slam_toolbox_ws/install/slam_toolbox/share/slam_toolbox/srv/LoopClosure.idl
[124.313s] -- Installing: /home/anup_ahlawat/slam_toolbox_ws/install/slam_toolbox/share/slam_toolbox/srv/MergeMaps.idl
[124.313s] -- Installing: /home/anup_ahlawat/slam_toolbox_ws/install/slam_toolbox/share/slam_toolbox/srv/AddSubmap.idl
[124.313s] -- Installing: /home/anup_ahlawat/slam_toolbox_ws/install/slam_toolbox/share/slam_toolbox/srv/DeserializePoseGraph.idl
[124.314s] -- Installing: /home/anup_ahlawat/slam_toolbox_ws/install/slam_toolbox/share/slam_toolbox/srv/SerializePoseGraph.idl
[124.314s] -- Installing: /home/anup_ahlawat/slam_toolbox_ws/install/slam_toolbox/share/slam_toolbox/srvs/Pause.srv
[124.314s] -- Installing: /home/anup_ahlawat/slam_toolbox_ws/install/slam_toolbox/share/slam_toolbox/srvs/Pause_Request.msg
[124.314s] -- Installing: /home/anup_ahlawat/slam_toolbox_ws/install/slam_toolbox/share/slam_toolbox/srvs/Pause_Response.msg
[124.314s] -- Installing: /home/anup_ahlawat/slam_toolbox_ws/install/slam_toolbox/share/slam_toolbox/srvs/ClearQueue.srv
[124.314s] -- Installing: /home/anup_ahlawat/slam_toolbox_ws/install/slam_toolbox/share/slam_toolbox/srvs/ClearQueue_Request.msg
[124.314s] -- Installing: /home/anup_ahlawat/slam_toolbox_ws/install/slam_toolbox/share/slam_toolbox/srvs/ClearQueue_Response.msg
[124.315s] -- Installing: /home/anup_ahlawat/slam_toolbox_ws/install/slam_toolbox/share/slam_toolbox/srvs/ToggleInteractive.srv
[124.315s] -- Installing: /home/anup_ahlawat/slam_toolbox_ws/install/slam_toolbox/share/slam_toolbox/srvs/ToggleInteractive_Request.msg
[124.315s] -- Installing: /home/anup_ahlawat/slam_toolbox_ws/install/slam_toolbox/share/slam_toolbox/srvs/ToggleInteractive_Response.msg
[124.315s] -- Installing: /home/anup_ahlawat/slam_toolbox_ws/install/slam_toolbox/share/slam_toolbox/srvs/Clear.srv
[124.315s] -- Installing: /home/anup_ahlawat/slam_toolbox_ws/install/slam_toolbox/share/slam_toolbox/srvs/Clear_Request.msg
[124.315s] -- Installing: /home/anup_ahlawat/slam_toolbox_ws/install/slam_toolbox/share/slam_toolbox/srvs/Clear_Response.msg
[124.315s] -- Installing: /home/anup_ahlawat/slam_toolbox_ws/install/slam_toolbox/share/slam_toolbox/srvs/SaveMap.srv
[124.315s] -- Installing: /home/anup_ahlawat/slam_toolbox_ws/install/slam_toolbox/share/slam_toolbox/srvs/SaveMap_Request.msg
[124.316s] -- Installing: /home/anup_ahlawat/slam_toolbox_ws/install/slam_toolbox/share/slam_toolbox/srvs/SaveMap_Response.msg
[124.316s] -- Installing: /home/anup_ahlawat/slam_toolbox_ws/install/slam_toolbox/share/slam_toolbox/srvs/LoopClosure.srv
[124.316s] -- Installing: /home/anup_ahlawat/slam_toolbox_ws/install/slam_toolbox/share/slam_toolbox/srvs/LoopClosure_Request.msg
[124.316s] -- Installing: /home/anup_ahlawat/slam_toolbox_ws/install/slam_toolbox/share/slam_toolbox/srvs/LoopClosure_Response.msg
[124.316s] -- Installing: /home/anup_ahlawat/slam_toolbox_ws/install/slam_toolbox/share/slam_toolbox/srvs/MergeMaps.srv
[124.316s] -- Installing: /home/anup_ahlawat/slam_toolbox_ws/install/slam_toolbox/share/slam_toolbox/srvs/MergeMaps_Request.msg
[124.316s] -- Installing: /home/anup_ahlawat/slam_toolbox_ws/install/slam_toolbox/share/slam_toolbox/srvs/MergeMaps_Response.msg
[124.317s] -- Installing: /home/anup_ahlawat/slam_toolbox_ws/install/slam_toolbox/share/slam_toolbox/srvs/AddSubmap.srv
[124.317s] -- Installing: /home/anup_ahlawat/slam_toolbox_ws/install/slam_toolbox/share/slam_toolbox/srvs/AddSubmap_Request.msg
[124.317s] -- Installing: /home/anup_ahlawat/slam_toolbox_ws/install/slam_toolbox/share/slam_toolbox/srvs/AddSubmap_Response.msg
[124.317s] -- Installing: /home/anup_ahlawat/slam_toolbox_ws/install/slam_toolbox/share/slam_toolbox/srvs/DeserializePoseGraph.srv
[124.317s] -- Installing: /home/anup_ahlawat/slam_toolbox_ws/install/slam_toolbox/share/slam_toolbox/srvs/DeserializePoseGraph_Request.msg
[124.317s] -- Installing: /home/anup_ahlawat/slam_toolbox_ws/install/slam_toolbox/share/slam_toolbox/srvs/DeserializePoseGraph_Response.msg
[124.317s] -- Installing: /home/anup_ahlawat/slam_toolbox_ws/install/slam_toolbox/share/slam_toolbox/srvs/SerializePoseGraph.srv
[124.318s] -- Installing: /home/anup_ahlawat/slam_toolbox_ws/install/slam_toolbox/share/slam_toolbox/srvs/SerializePoseGraph_Request.msg
[124.318s] -- Installing: /home/anup_ahlawat/slam_toolbox_ws/install/slam_toolbox/share/slam_toolbox/srvs/SerializePoseGraph_Response.msg
[124.318s] -- Installing: /home/anup_ahlawat/slam_toolbox_ws/install/slam_toolbox/share/slam_toolbox/rviz_plugins.xml
[124.318s] -- Installing: /home/anup_ahlawat/slam_toolbox_ws/install/slam_toolbox/share/slam_toolbox/solver_plugins.xml
[124.318s] -- Installing: /home/anup_ahlawat/slam_toolbox_ws/install/slam_toolbox/lib/slam_toolbox/async_slam_toolbox_node
[124.319s] -- Set runtime path of "/home/anup_ahlawat/slam_toolbox_ws/install/slam_toolbox/lib/slam_toolbox/async_slam_toolbox_node" to ""
[124.319s] -- Installing: /home/anup_ahlawat/slam_toolbox_ws/install/slam_toolbox/lib/slam_toolbox/sync_slam_toolbox_node
[124.320s] -- Set runtime path of "/home/anup_ahlawat/slam_toolbox_ws/install/slam_toolbox/lib/slam_toolbox/sync_slam_toolbox_node" to ""
[124.320s] -- Installing: /home/anup_ahlawat/slam_toolbox_ws/install/slam_toolbox/lib/slam_toolbox/localization_slam_toolbox_node
[124.321s] -- Set runtime path of "/home/anup_ahlawat/slam_toolbox_ws/install/slam_toolbox/lib/slam_toolbox/localization_slam_toolbox_node" to ""
[124.322s] -- Installing: /home/anup_ahlawat/slam_toolbox_ws/install/slam_toolbox/lib/slam_toolbox/map_and_localization_slam_toolbox_node
[124.323s] -- Set runtime path of "/home/anup_ahlawat/slam_toolbox_ws/install/slam_toolbox/lib/slam_toolbox/map_and_localization_slam_toolbox_node" to ""
[124.323s] -- Installing: /home/anup_ahlawat/slam_toolbox_ws/install/slam_toolbox/lib/slam_toolbox/merge_maps_kinematic
[124.324s] -- Set runtime path of "/home/anup_ahlawat/slam_toolbox_ws/install/slam_toolbox/lib/slam_toolbox/merge_maps_kinematic" to ""
[124.324s] -- Installing: /home/anup_ahlawat/slam_toolbox_ws/install/slam_toolbox/lib/libtoolbox_common.so
[124.328s] -- Set runtime path of "/home/anup_ahlawat/slam_toolbox_ws/install/slam_toolbox/lib/libtoolbox_common.so" to ""
[124.328s] -- Installing: /home/anup_ahlawat/slam_toolbox_ws/install/slam_toolbox/lib/libSlamToolboxPlugin.so
[124.330s] -- Set runtime path of "/home/anup_ahlawat/slam_toolbox_ws/install/slam_toolbox/lib/libSlamToolboxPlugin.so" to ""
[124.330s] -- Installing: /home/anup_ahlawat/slam_toolbox_ws/install/slam_toolbox/lib/libceres_solver_plugin.so
[124.331s] -- Set runtime path of "/home/anup_ahlawat/slam_toolbox_ws/install/slam_toolbox/lib/libceres_solver_plugin.so" to ""
[124.331s] -- Installing: /home/anup_ahlawat/slam_toolbox_ws/install/slam_toolbox/lib/libasync_slam_toolbox.so
[124.332s] -- Set runtime path of "/home/anup_ahlawat/slam_toolbox_ws/install/slam_toolbox/lib/libasync_slam_toolbox.so" to ""
[124.332s] -- Installing: /home/anup_ahlawat/slam_toolbox_ws/install/slam_toolbox/lib/libsync_slam_toolbox.so
[124.333s] -- Set runtime path of "/home/anup_ahlawat/slam_toolbox_ws/install/slam_toolbox/lib/libsync_slam_toolbox.so" to ""
[124.333s] -- Installing: /home/anup_ahlawat/slam_toolbox_ws/install/slam_toolbox/lib/liblocalization_slam_toolbox.so
[124.335s] -- Set runtime path of "/home/anup_ahlawat/slam_toolbox_ws/install/slam_toolbox/lib/liblocalization_slam_toolbox.so" to ""
[124.335s] -- Installing: /home/anup_ahlawat/slam_toolbox_ws/install/slam_toolbox/lib/liblifelong_slam_toolbox.so
[124.336s] -- Set runtime path of "/home/anup_ahlawat/slam_toolbox_ws/install/slam_toolbox/lib/liblifelong_slam_toolbox.so" to ""
[124.336s] -- Installing: /home/anup_ahlawat/slam_toolbox_ws/install/slam_toolbox/lib/libmap_and_localization_slam_toolbox.so
[124.338s] -- Set runtime path of "/home/anup_ahlawat/slam_toolbox_ws/install/slam_toolbox/lib/libmap_and_localization_slam_toolbox.so" to ""
[124.338s] -- Up-to-date: /home/anup_ahlawat/slam_toolbox_ws/install/slam_toolbox/lib/libSlamToolboxPlugin.so
[124.339s] -- Up-to-date: /home/anup_ahlawat/slam_toolbox_ws/install/slam_toolbox/include
[124.339s] -- Up-to-date: /home/anup_ahlawat/slam_toolbox_ws/install/slam_toolbox/include/slam_toolbox
[124.339s] -- Installing: /home/anup_ahlawat/slam_toolbox_ws/install/slam_toolbox/include/slam_toolbox/slam_toolbox_common.hpp
[124.339s] -- Installing: /home/anup_ahlawat/slam_toolbox_ws/install/slam_toolbox/include/slam_toolbox/toolbox_msgs.hpp
[124.339s] -- Installing: /home/anup_ahlawat/slam_toolbox_ws/install/slam_toolbox/include/slam_toolbox/slam_toolbox_async.hpp
[124.339s] -- Installing: /home/anup_ahlawat/slam_toolbox_ws/install/slam_toolbox/include/slam_toolbox/map_saver.hpp
[124.339s] -- Installing: /home/anup_ahlawat/slam_toolbox_ws/install/slam_toolbox/include/slam_toolbox/visualization_utils.hpp
[124.339s] -- Installing: /home/anup_ahlawat/slam_toolbox_ws/install/slam_toolbox/include/slam_toolbox/laser_utils.hpp
[124.339s] -- Installing: /home/anup_ahlawat/slam_toolbox_ws/install/slam_toolbox/include/slam_toolbox/snap_utils.hpp
[124.339s] -- Installing: /home/anup_ahlawat/slam_toolbox_ws/install/slam_toolbox/include/slam_toolbox/slam_toolbox_sync.hpp
[124.339s] -- Installing: /home/anup_ahlawat/slam_toolbox_ws/install/slam_toolbox/include/slam_toolbox/experimental
[124.340s] -- Installing: /home/anup_ahlawat/slam_toolbox_ws/install/slam_toolbox/include/slam_toolbox/experimental/slam_toolbox_map_and_localization.hpp
[124.340s] -- Installing: /home/anup_ahlawat/slam_toolbox_ws/install/slam_toolbox/include/slam_toolbox/experimental/slam_toolbox_lifelong.hpp
[124.340s] -- Installing: /home/anup_ahlawat/slam_toolbox_ws/install/slam_toolbox/include/slam_toolbox/slam_toolbox_localization.hpp
[124.340s] -- Installing: /home/anup_ahlawat/slam_toolbox_ws/install/slam_toolbox/include/slam_toolbox/serialization.hpp
[124.340s] -- Installing: /home/anup_ahlawat/slam_toolbox_ws/install/slam_toolbox/include/slam_toolbox/toolbox_types.hpp
[124.340s] -- Installing: /home/anup_ahlawat/slam_toolbox_ws/install/slam_toolbox/include/slam_toolbox/slam_mapper.hpp
[124.340s] -- Installing: /home/anup_ahlawat/slam_toolbox_ws/install/slam_toolbox/include/slam_toolbox/get_pose_helper.hpp
[124.340s] -- Installing: /home/anup_ahlawat/slam_toolbox_ws/install/slam_toolbox/include/slam_toolbox/merge_maps_kinematic.hpp
[124.340s] -- Installing: /home/anup_ahlawat/slam_toolbox_ws/install/slam_toolbox/include/slam_toolbox/loop_closure_assistant.hpp
[124.340s] -- Installing: /home/anup_ahlawat/slam_toolbox_ws/install/slam_toolbox/share/slam_toolbox/launch
[124.340s] -- Installing: /home/anup_ahlawat/slam_toolbox_ws/install/slam_toolbox/share/slam_toolbox/launch/localization_launch.py
[124.340s] -- Installing: /home/anup_ahlawat/slam_toolbox_ws/install/slam_toolbox/share/slam_toolbox/launch/merge_maps_kinematic_launch.py
[124.340s] -- Installing: /home/anup_ahlawat/slam_toolbox_ws/install/slam_toolbox/share/slam_toolbox/launch/lifelong_launch.py
[124.340s] -- Installing: /home/anup_ahlawat/slam_toolbox_ws/install/slam_toolbox/share/slam_toolbox/launch/online_sync_launch.py
[124.340s] -- Installing: /home/anup_ahlawat/slam_toolbox_ws/install/slam_toolbox/share/slam_toolbox/launch/online_async_launch.py
[124.340s] -- Installing: /home/anup_ahlawat/slam_toolbox_ws/install/slam_toolbox/share/slam_toolbox/launch/offline_launch.py
[124.341s] -- Installing: /home/anup_ahlawat/slam_toolbox_ws/install/slam_toolbox/share/slam_toolbox/config
[124.341s] -- Installing: /home/anup_ahlawat/slam_toolbox_ws/install/slam_toolbox/share/slam_toolbox/config/mapper_params_online_async.yaml
[124.341s] -- Installing: /home/anup_ahlawat/slam_toolbox_ws/install/slam_toolbox/share/slam_toolbox/config/mapper_params_localization.yaml
[124.341s] -- Installing: /home/anup_ahlawat/slam_toolbox_ws/install/slam_toolbox/share/slam_toolbox/config/mapper_params_offline.yaml
[124.341s] -- Installing: /home/anup_ahlawat/slam_toolbox_ws/install/slam_toolbox/share/slam_toolbox/config/mapper_params_lifelong.yaml
[124.341s] -- Installing: /home/anup_ahlawat/slam_toolbox_ws/install/slam_toolbox/share/slam_toolbox/config/mapper_params_online_sync.yaml
[124.341s] -- Installing: /home/anup_ahlawat/slam_toolbox_ws/install/slam_toolbox/share/slam_toolbox/config/slam_toolbox_default.rviz
[124.341s] -- Installing: /home/anup_ahlawat/slam_toolbox_ws/install/slam_toolbox/share/solver_plugins.xml
[124.341s] -- Installing: /home/anup_ahlawat/slam_toolbox_ws/install/slam_toolbox/share/rviz_plugins.xml
[124.341s] -- Installing: /home/anup_ahlawat/slam_toolbox_ws/install/slam_toolbox/share/ament_index/resource_index/package_run_dependencies/slam_toolbox
[124.342s] -- Installing: /home/anup_ahlawat/slam_toolbox_ws/install/slam_toolbox/share/ament_index/resource_index/parent_prefix_path/slam_toolbox
[124.342s] -- Installing: /home/anup_ahlawat/slam_toolbox_ws/install/slam_toolbox/share/slam_toolbox/environment/ament_prefix_path.sh
[124.342s] -- Installing: /home/anup_ahlawat/slam_toolbox_ws/install/slam_toolbox/share/slam_toolbox/environment/ament_prefix_path.dsv
[124.342s] -- Installing: /home/anup_ahlawat/slam_toolbox_ws/install/slam_toolbox/share/slam_toolbox/environment/path.sh
[124.342s] -- Installing: /home/anup_ahlawat/slam_toolbox_ws/install/slam_toolbox/share/slam_toolbox/environment/path.dsv
[124.342s] -- Installing: /home/anup_ahlawat/slam_toolbox_ws/install/slam_toolbox/share/slam_toolbox/local_setup.bash
[124.342s] -- Installing: /home/anup_ahlawat/slam_toolbox_ws/install/slam_toolbox/share/slam_toolbox/local_setup.sh
[124.342s] -- Installing: /home/anup_ahlawat/slam_toolbox_ws/install/slam_toolbox/share/slam_toolbox/local_setup.zsh
[124.343s] -- Installing: /home/anup_ahlawat/slam_toolbox_ws/install/slam_toolbox/share/slam_toolbox/local_setup.dsv
[124.343s] -- Installing: /home/anup_ahlawat/slam_toolbox_ws/install/slam_toolbox/share/slam_toolbox/package.dsv
[124.343s] -- Installing: /home/anup_ahlawat/slam_toolbox_ws/install/slam_toolbox/share/ament_index/resource_index/packages/slam_toolbox
[124.343s] -- Installing: /home/anup_ahlawat/slam_toolbox_ws/install/slam_toolbox/share/ament_index/resource_index/rviz_common__pluginlib__plugin/slam_toolbox
[124.343s] -- Installing: /home/anup_ahlawat/slam_toolbox_ws/install/slam_toolbox/share/ament_index/resource_index/slam_toolbox__pluginlib__plugin/slam_toolbox
[124.343s] -- Installing: /home/anup_ahlawat/slam_toolbox_ws/install/slam_toolbox/share/slam_toolbox/cmake/export_slam_toolbox__rosidl_generator_cExport.cmake
[124.343s] -- Installing: /home/anup_ahlawat/slam_toolbox_ws/install/slam_toolbox/share/slam_toolbox/cmake/export_slam_toolbox__rosidl_generator_cExport-release.cmake
[124.344s] -- Installing: /home/anup_ahlawat/slam_toolbox_ws/install/slam_toolbox/share/slam_toolbox/cmake/export_slam_toolbox__rosidl_typesupport_fastrtps_cExport.cmake
[124.344s] -- Installing: /home/anup_ahlawat/slam_toolbox_ws/install/slam_toolbox/share/slam_toolbox/cmake/export_slam_toolbox__rosidl_typesupport_fastrtps_cExport-release.cmake
[124.344s] -- Installing: /home/anup_ahlawat/slam_toolbox_ws/install/slam_toolbox/share/slam_toolbox/cmake/export_slam_toolbox__rosidl_generator_cppExport.cmake
[124.344s] -- Installing: /home/anup_ahlawat/slam_toolbox_ws/install/slam_toolbox/share/slam_toolbox/cmake/export_slam_toolbox__rosidl_typesupport_fastrtps_cppExport.cmake
[124.344s] -- Installing: /home/anup_ahlawat/slam_toolbox_ws/install/slam_toolbox/share/slam_toolbox/cmake/export_slam_toolbox__rosidl_typesupport_fastrtps_cppExport-release.cmake
[124.344s] -- Installing: /home/anup_ahlawat/slam_toolbox_ws/install/slam_toolbox/share/slam_toolbox/cmake/slam_toolbox__rosidl_typesupport_introspection_cExport.cmake
[124.344s] -- Installing: /home/anup_ahlawat/slam_toolbox_ws/install/slam_toolbox/share/slam_toolbox/cmake/slam_toolbox__rosidl_typesupport_introspection_cExport-release.cmake
[124.345s] -- Installing: /home/anup_ahlawat/slam_toolbox_ws/install/slam_toolbox/share/slam_toolbox/cmake/slam_toolbox__rosidl_typesupport_cExport.cmake
[124.345s] -- Installing: /home/anup_ahlawat/slam_toolbox_ws/install/slam_toolbox/share/slam_toolbox/cmake/slam_toolbox__rosidl_typesupport_cExport-release.cmake
[124.345s] -- Installing: /home/anup_ahlawat/slam_toolbox_ws/install/slam_toolbox/share/slam_toolbox/cmake/slam_toolbox__rosidl_typesupport_introspection_cppExport.cmake
[124.345s] -- Installing: /home/anup_ahlawat/slam_toolbox_ws/install/slam_toolbox/share/slam_toolbox/cmake/slam_toolbox__rosidl_typesupport_introspection_cppExport-release.cmake
[124.345s] -- Installing: /home/anup_ahlawat/slam_toolbox_ws/install/slam_toolbox/share/slam_toolbox/cmake/slam_toolbox__rosidl_typesupport_cppExport.cmake
[124.345s] -- Installing: /home/anup_ahlawat/slam_toolbox_ws/install/slam_toolbox/share/slam_toolbox/cmake/slam_toolbox__rosidl_typesupport_cppExport-release.cmake
[124.346s] -- Installing: /home/anup_ahlawat/slam_toolbox_ws/install/slam_toolbox/share/slam_toolbox/cmake/export_slam_toolbox__rosidl_generator_pyExport.cmake
[124.346s] -- Installing: /home/anup_ahlawat/slam_toolbox_ws/install/slam_toolbox/share/slam_toolbox/cmake/export_slam_toolbox__rosidl_generator_pyExport-release.cmake
[124.346s] -- Installing: /home/anup_ahlawat/slam_toolbox_ws/install/slam_toolbox/share/slam_toolbox/cmake/SlamToolboxPluginExport.cmake
[124.346s] -- Installing: /home/anup_ahlawat/slam_toolbox_ws/install/slam_toolbox/share/slam_toolbox/cmake/SlamToolboxPluginExport-release.cmake
[124.346s] -- Installing: /home/anup_ahlawat/slam_toolbox_ws/install/slam_toolbox/share/slam_toolbox/cmake/rosidl_cmake-extras.cmake
[124.346s] -- Installing: /home/anup_ahlawat/slam_toolbox_ws/install/slam_toolbox/share/slam_toolbox/cmake/ament_cmake_export_dependencies-extras.cmake
[124.346s] -- Installing: /home/anup_ahlawat/slam_toolbox_ws/install/slam_toolbox/share/slam_toolbox/cmake/ament_cmake_export_include_directories-extras.cmake
[124.347s] -- Installing: /home/anup_ahlawat/slam_toolbox_ws/install/slam_toolbox/share/slam_toolbox/cmake/ament_cmake_export_libraries-extras.cmake
[124.347s] -- Installing: /home/anup_ahlawat/slam_toolbox_ws/install/slam_toolbox/share/slam_toolbox/cmake/ament_cmake_export_targets-extras.cmake
[124.347s] -- Installing: /home/anup_ahlawat/slam_toolbox_ws/install/slam_toolbox/share/slam_toolbox/cmake/rosidl_cmake_export_typesupport_targets-extras.cmake
[124.347s] -- Installing: /home/anup_ahlawat/slam_toolbox_ws/install/slam_toolbox/share/slam_toolbox/cmake/rosidl_cmake_export_typesupport_libraries-extras.cmake
[124.347s] -- Installing: /home/anup_ahlawat/slam_toolbox_ws/install/slam_toolbox/share/slam_toolbox/cmake/slam_toolboxConfig.cmake
[124.347s] -- Installing: /home/anup_ahlawat/slam_toolbox_ws/install/slam_toolbox/share/slam_toolbox/cmake/slam_toolboxConfig-version.cmake
[124.347s] -- Installing: /home/anup_ahlawat/slam_toolbox_ws/install/slam_toolbox/share/slam_toolbox/package.xml
[124.348s] -- Up-to-date: /home/anup_ahlawat/slam_toolbox_ws/install/slam_toolbox/include/
[124.348s] -- Installing: /home/anup_ahlawat/slam_toolbox_ws/install/slam_toolbox/include//karto_sdk
[124.348s] -- Installing: /home/anup_ahlawat/slam_toolbox_ws/install/slam_toolbox/include//karto_sdk/nanoflann.hpp
[124.348s] -- Installing: /home/anup_ahlawat/slam_toolbox_ws/install/slam_toolbox/include//karto_sdk/Math.h
[124.348s] -- Installing: /home/anup_ahlawat/slam_toolbox_ws/install/slam_toolbox/include//karto_sdk/Karto.h
[124.348s] -- Installing: /home/anup_ahlawat/slam_toolbox_ws/install/slam_toolbox/include//karto_sdk/nanoflann_adaptors.h
[124.348s] -- Installing: /home/anup_ahlawat/slam_toolbox_ws/install/slam_toolbox/include//karto_sdk/Mapper.h
[124.349s] -- Installing: /home/anup_ahlawat/slam_toolbox_ws/install/slam_toolbox/include//karto_sdk/Macros.h
[124.349s] -- Installing: /home/anup_ahlawat/slam_toolbox_ws/install/slam_toolbox/include//karto_sdk/Types.h
[124.349s] -- Installing: /home/anup_ahlawat/slam_toolbox_ws/install/slam_toolbox/lib/libkartoSlamToolbox.so
[124.353s] -- Set runtime path of "/home/anup_ahlawat/slam_toolbox_ws/install/slam_toolbox/lib/libkartoSlamToolbox.so" to ""
[124.353s] -- Installing: /home/anup_ahlawat/slam_toolbox_ws/install/slam_toolbox/share/karto_sdk/environment/library_path.sh
[124.353s] -- Installing: /home/anup_ahlawat/slam_toolbox_ws/install/slam_toolbox/share/karto_sdk/environment/library_path.dsv
[124.353s] -- Installing: /home/anup_ahlawat/slam_toolbox_ws/install/slam_toolbox/share/ament_index/resource_index/package_run_dependencies/karto_sdk
[124.353s] -- Installing: /home/anup_ahlawat/slam_toolbox_ws/install/slam_toolbox/share/ament_index/resource_index/parent_prefix_path/karto_sdk
[124.353s] -- Installing: /home/anup_ahlawat/slam_toolbox_ws/install/slam_toolbox/share/karto_sdk/environment/ament_prefix_path.sh
[124.353s] -- Installing: /home/anup_ahlawat/slam_toolbox_ws/install/slam_toolbox/share/karto_sdk/environment/ament_prefix_path.dsv
[124.354s] -- Installing: /home/anup_ahlawat/slam_toolbox_ws/install/slam_toolbox/share/karto_sdk/environment/path.sh
[124.354s] -- Installing: /home/anup_ahlawat/slam_toolbox_ws/install/slam_toolbox/share/karto_sdk/environment/path.dsv
[124.354s] -- Installing: /home/anup_ahlawat/slam_toolbox_ws/install/slam_toolbox/share/karto_sdk/local_setup.bash
[124.354s] -- Installing: /home/anup_ahlawat/slam_toolbox_ws/install/slam_toolbox/share/karto_sdk/local_setup.sh
[124.354s] -- Installing: /home/anup_ahlawat/slam_toolbox_ws/install/slam_toolbox/share/karto_sdk/local_setup.zsh
[124.354s] -- Installing: /home/anup_ahlawat/slam_toolbox_ws/install/slam_toolbox/share/karto_sdk/local_setup.dsv
[124.354s] -- Installing: /home/anup_ahlawat/slam_toolbox_ws/install/slam_toolbox/share/karto_sdk/package.dsv
[124.354s] -- Installing: /home/anup_ahlawat/slam_toolbox_ws/install/slam_toolbox/share/ament_index/resource_index/packages/karto_sdk
[124.355s] -- Installing: /home/anup_ahlawat/slam_toolbox_ws/install/slam_toolbox/share/karto_sdk/cmake/ament_cmake_export_libraries-extras.cmake
[124.355s] -- Installing: /home/anup_ahlawat/slam_toolbox_ws/install/slam_toolbox/share/karto_sdk/cmake/ament_cmake_export_include_directories-extras.cmake
[124.355s] -- Installing: /home/anup_ahlawat/slam_toolbox_ws/install/slam_toolbox/share/karto_sdk/cmake/ament_cmake_export_dependencies-extras.cmake
[124.355s] -- Installing: /home/anup_ahlawat/slam_toolbox_ws/install/slam_toolbox/share/karto_sdk/cmake/karto_sdkConfig.cmake
[124.355s] -- Installing: /home/anup_ahlawat/slam_toolbox_ws/install/slam_toolbox/share/karto_sdk/cmake/karto_sdkConfig-version.cmake
[124.355s] -- Installing: /home/anup_ahlawat/slam_toolbox_ws/install/slam_toolbox/share/karto_sdk/package.xml
[124.357s] Invoked command in '/home/anup_ahlawat/slam_toolbox_ws/build/slam_toolbox' returned '0': CMAKE_PREFIX_PATH=/opt/ros/humble /usr/bin/cmake --install /home/anup_ahlawat/slam_toolbox_ws/build/slam_toolbox
