[0.862s] Invoking command in '/home/anup_ahlawat/ros2_ws/src/ros2_differential_drive': PYTHONPATH=/home/anup_ahlawat/ros2_ws/install/differential_drive/lib/python3.10/site-packages:${PYTHONPATH} /usr/bin/python3 setup.py egg_info --egg-base ../../build/differential_drive build --build-base /home/anup_ahlawat/ros2_ws/build/differential_drive/build install --prefix /home/anup_ahlawat/ros2_ws/install/differential_drive --record /home/anup_ahlawat/ros2_ws/build/differential_drive/install.log --single-version-externally-managed
[1.081s] /home/anup_ahlawat/.local/lib/python3.10/site-packages/setuptools/dist.py:717: UserWarning: Usage of dash-separated 'script-dir' will not be supported in future versions. Please use the underscore name 'script_dir' instead
[1.081s]   warnings.warn(
[1.081s] /home/anup_ahlawat/.local/lib/python3.10/site-packages/setuptools/dist.py:717: UserWarning: Usage of dash-separated 'install-scripts' will not be supported in future versions. Please use the underscore name 'install_scripts' instead
[1.081s]   warnings.warn(
[1.111s] running egg_info
[1.111s] writing ../../build/differential_drive/differential_drive.egg-info/PKG-INFO
[1.111s] writing dependency_links to ../../build/differential_drive/differential_drive.egg-info/dependency_links.txt
[1.112s] writing entry points to ../../build/differential_drive/differential_drive.egg-info/entry_points.txt
[1.112s] writing requirements to ../../build/differential_drive/differential_drive.egg-info/requires.txt
[1.112s] writing top-level names to ../../build/differential_drive/differential_drive.egg-info/top_level.txt
[1.113s] reading manifest file '../../build/differential_drive/differential_drive.egg-info/SOURCES.txt'
[1.114s] adding license file 'LICENSE'
[1.115s] writing manifest file '../../build/differential_drive/differential_drive.egg-info/SOURCES.txt'
[1.115s] running build
[1.115s] running build_py
[1.115s] copying src/differential_drive/diff_tf.py -> /home/anup_ahlawat/ros2_ws/build/differential_drive/build/lib/differential_drive
[1.115s] running install
[1.116s] running install_lib
[1.116s] copying /home/anup_ahlawat/ros2_ws/build/differential_drive/build/lib/differential_drive/diff_tf.py -> /home/anup_ahlawat/ros2_ws/install/differential_drive/lib/python3.10/site-packages/differential_drive
[1.118s] byte-compiling /home/anup_ahlawat/ros2_ws/install/differential_drive/lib/python3.10/site-packages/differential_drive/diff_tf.py to diff_tf.cpython-310.pyc
[1.119s] running install_data
[1.119s] running install_egg_info
[1.121s] removing '/home/anup_ahlawat/ros2_ws/install/differential_drive/lib/python3.10/site-packages/differential_drive-0.1.0-py3.10.egg-info' (and everything under it)
[1.121s] Copying ../../build/differential_drive/differential_drive.egg-info to /home/anup_ahlawat/ros2_ws/install/differential_drive/lib/python3.10/site-packages/differential_drive-0.1.0-py3.10.egg-info
[1.122s] running install_scripts
[1.140s] Installing diff_tf script to /home/anup_ahlawat/ros2_ws/install/differential_drive/lib/differential_drive
[1.141s] Installing pid_velocity script to /home/anup_ahlawat/ros2_ws/install/differential_drive/lib/differential_drive
[1.141s] Installing twist_to_motors script to /home/anup_ahlawat/ros2_ws/install/differential_drive/lib/differential_drive
[1.141s] Installing virtual_joystick script to /home/anup_ahlawat/ros2_ws/install/differential_drive/lib/differential_drive
[1.141s] Installing wheel_loopback script to /home/anup_ahlawat/ros2_ws/install/differential_drive/lib/differential_drive
[1.141s] Installing wheel_scaler script to /home/anup_ahlawat/ros2_ws/install/differential_drive/lib/differential_drive
[1.141s] writing list of installed files to '/home/anup_ahlawat/ros2_ws/build/differential_drive/install.log'
[1.184s] Invoked command in '/home/anup_ahlawat/ros2_ws/src/ros2_differential_drive' returned '0': PYTHONPATH=/home/anup_ahlawat/ros2_ws/install/differential_drive/lib/python3.10/site-packages:${PYTHONPATH} /usr/bin/python3 setup.py egg_info --egg-base ../../build/differential_drive build --build-base /home/anup_ahlawat/ros2_ws/build/differential_drive/build install --prefix /home/anup_ahlawat/ros2_ws/install/differential_drive --record /home/anup_ahlawat/ros2_ws/build/differential_drive/install.log --single-version-externally-managed
